2024-02-29 18:45:54.920 [info] Reading sessions from keychain...
2024-02-29 18:45:54.920 [info] Getting sessions for all scopes...
2024-02-29 18:45:54.920 [info] Got 0 sessions for ...
2024-02-29 18:45:54.920 [info] Getting sessions for all scopes...
2024-02-29 18:45:54.920 [info] Got 0 sessions for ...
2024-02-29 18:45:54.920 [info] Getting sessions for read:user,repo,user:email,workflow...
2024-02-29 18:45:54.920 [info] Got 0 sessions for read:user,repo,user:email,workflow...
2024-02-29 18:46:22.060 [info] Getting sessions for user:email...
2024-02-29 18:46:22.060 [info] Got 0 sessions for user:email...
2024-02-29 18:46:22.142 [info] Getting sessions for all scopes...
2024-02-29 18:46:22.142 [info] Got 0 sessions for ...
2024-02-29 18:46:24.023 [info] Logging in for the following scopes: user:email
2024-02-29 18:46:24.027 [info] Trying without local server... (user:email)
2024-02-29 18:47:14.293 [info] Exchanging code for token...
2024-02-29 18:47:14.904 [info] Token exchange success!
2024-02-29 18:47:14.911 [info] Getting user info...
2024-02-29 18:47:15.615 [info] Got account info!
2024-02-29 18:47:15.616 [info] Storing 1 sessions...
2024-02-29 18:47:34.498 [info] Reading sessions from keychain...
2024-02-29 18:47:34.498 [info] Stored 1 sessions!
2024-02-29 18:47:34.499 [info] Login success!
2024-02-29 18:47:34.603 [info] Got stored sessions!
2024-02-29 18:47:34.603 [info] Got 1 verified sessions.
2024-02-29 18:47:34.603 [info] Getting sessions for user:email...
2024-02-29 18:47:34.603 [info] Got 1 sessions for user:email...
2024-02-29 18:47:34.653 [info] Getting sessions for read:user,repo,user:email,workflow...
2024-02-29 18:47:34.654 [info] Got 0 sessions for read:user,repo,user:email,workflow...
2024-02-29 18:48:28.613 [info] Getting sessions for all scopes...
2024-02-29 18:48:28.615 [info] Got 1 sessions for ...
2024-02-29 18:48:28.725 [info] Getting sessions for read:user,repo,user:email,workflow...
2024-02-29 18:48:28.725 [info] Got 0 sessions for read:user,repo,user:email,workflow...
2024-02-29 18:48:28.802 [info] Getting sessions for read:user...
2024-02-29 18:48:28.802 [info] Got 0 sessions for read:user...
2024-02-29 18:48:28.830 [info] Getting sessions for user:email...
2024-02-29 18:48:28.830 [info] Got 1 sessions for user:email...
2024-02-29 18:48:28.917 [info] Getting sessions for read:user,repo,user:email...
2024-02-29 18:48:28.917 [info] Got 0 sessions for read:user,repo,user:email...
2024-02-29 18:48:29.831 [info] Getting sessions for read:user,repo,user:email,workflow...
2024-02-29 18:48:29.831 [info] Got 0 sessions for read:user,repo,user:email,workflow...
2024-02-29 18:48:29.879 [info] Getting sessions for user:email...
2024-02-29 18:48:29.879 [info] Got 1 sessions for user:email...
2024-02-29 18:48:30.776 [info] Getting sessions for read:user,repo,user:email,workflow...
2024-02-29 18:48:30.776 [info] Got 0 sessions for read:user,repo,user:email,workflow...
2024-02-29 18:48:30.780 [info] Getting sessions for user:email...
2024-02-29 18:48:30.780 [info] Got 1 sessions for user:email...
2024-02-29 18:48:30.790 [info] Getting sessions for read:user,repo,user:email,workflow...
2024-02-29 18:48:30.790 [info] Got 0 sessions for read:user,repo,user:email,workflow...
2024-02-29 18:48:30.791 [info] Getting sessions for all scopes...
2024-02-29 18:48:30.791 [info] Got 1 sessions for ...
2024-02-29 18:48:30.792 [info] Getting sessions for user:email...
2024-02-29 18:48:30.792 [info] Got 1 sessions for user:email...
2024-02-29 18:50:20.433 [info] Getting sessions for read:user,repo,user:email,workflow...
2024-02-29 18:50:20.433 [info] Got 0 sessions for read:user,repo,user:email,workflow...
2024-02-29 18:50:20.437 [info] Getting sessions for user:email...
2024-02-29 18:50:20.437 [info] Got 1 sessions for user:email...
2024-02-29 18:50:20.446 [info] Getting sessions for read:user,repo,user:email,workflow...
2024-02-29 18:50:20.446 [info] Got 0 sessions for read:user,repo,user:email,workflow...
2024-02-29 18:50:20.454 [info] Getting sessions for user:email...
2024-02-29 18:50:20.454 [info] Got 1 sessions for user:email...
2024-02-29 19:13:29.846 [info] Getting sessions for read:user,repo,user:email,workflow...
2024-02-29 19:13:29.848 [info] Got 0 sessions for read:user,repo,user:email,workflow...
2024-02-29 19:13:29.900 [info] Getting sessions for read:user...
2024-02-29 19:13:29.900 [info] Got 0 sessions for read:user...
2024-02-29 19:13:29.903 [info] Getting sessions for user:email...
2024-02-29 19:13:29.903 [info] Got 1 sessions for user:email...
2024-02-29 19:13:30.721 [info] Getting sessions for read:user,repo,user:email,workflow...
2024-02-29 19:13:30.721 [info] Got 0 sessions for read:user,repo,user:email,workflow...
2024-02-29 19:13:30.723 [info] Getting sessions for user:email...
2024-02-29 19:13:30.723 [info] Got 1 sessions for user:email...
2024-02-29 19:13:31.442 [info] Getting sessions for read:user,repo,user:email,workflow...
2024-02-29 19:13:31.442 [info] Got 0 sessions for read:user,repo,user:email,workflow...
2024-02-29 19:13:31.444 [info] Getting sessions for user:email...
2024-02-29 19:13:31.444 [info] Got 1 sessions for user:email...
2024-02-29 19:38:30.617 [info] Getting sessions for read:user,repo,user:email,workflow...
2024-02-29 19:38:30.618 [info] Got 0 sessions for read:user,repo,user:email,workflow...
2024-02-29 19:38:30.680 [info] Getting sessions for read:user...
2024-02-29 19:38:30.680 [info] Got 0 sessions for read:user...
2024-02-29 19:38:30.681 [info] Getting sessions for user:email...
2024-02-29 19:38:30.681 [info] Got 1 sessions for user:email...
2024-02-29 19:38:31.450 [info] Getting sessions for read:user,repo,user:email,workflow...
2024-02-29 19:38:31.450 [info] Got 0 sessions for read:user,repo,user:email,workflow...
2024-02-29 19:38:31.456 [info] Getting sessions for user:email...
2024-02-29 19:38:31.456 [info] Got 1 sessions for user:email...
2024-02-29 19:38:32.083 [info] Getting sessions for read:user,repo,user:email,workflow...
2024-02-29 19:38:32.083 [info] Got 0 sessions for read:user,repo,user:email,workflow...
2024-02-29 19:38:32.086 [info] Getting sessions for user:email...
2024-02-29 19:38:32.086 [info] Got 1 sessions for user:email...
2024-02-29 20:03:31.351 [info] Getting sessions for read:user,repo,user:email,workflow...
2024-02-29 20:03:31.352 [info] Got 0 sessions for read:user,repo,user:email,workflow...
2024-02-29 20:03:31.398 [info] Getting sessions for read:user...
2024-02-29 20:03:31.398 [info] Got 0 sessions for read:user...
2024-02-29 20:03:31.399 [info] Getting sessions for user:email...
2024-02-29 20:03:31.399 [info] Got 1 sessions for user:email...
2024-02-29 20:03:32.085 [info] Getting sessions for read:user,repo,user:email,workflow...
2024-02-29 20:03:32.085 [info] Got 0 sessions for read:user,repo,user:email,workflow...
2024-02-29 20:03:32.089 [info] Getting sessions for user:email...
2024-02-29 20:03:32.090 [info] Got 1 sessions for user:email...
2024-02-29 20:03:32.712 [info] Getting sessions for read:user,repo,user:email,workflow...
2024-02-29 20:03:32.712 [info] Got 0 sessions for read:user,repo,user:email,workflow...
2024-02-29 20:03:32.714 [info] Getting sessions for user:email...
2024-02-29 20:03:32.714 [info] Got 1 sessions for user:email...
2024-02-29 21:12:48.465 [info] Getting sessions for read:user,repo,user:email,workflow...
2024-02-29 21:12:48.465 [info] Got 0 sessions for read:user,repo,user:email,workflow...
2024-02-29 21:12:48.469 [info] Getting sessions for read:user...
2024-02-29 21:12:48.469 [info] Got 0 sessions for read:user...
2024-02-29 21:12:48.471 [info] Getting sessions for user:email...
2024-02-29 21:12:48.471 [info] Got 1 sessions for user:email...
