2024-02-29 18:45:54.626 [info] Log level: Info
2024-02-29 18:45:54.626 [info] Validating found git in: "git"
2024-02-29 18:45:54.626 [info] Using git "2.44.0" from "git"
2024-02-29 18:45:54.626 [info] > git rev-parse --show-toplevel [12ms]
2024-02-29 18:45:54.627 [info] > git rev-parse --git-dir --git-common-dir [2ms]
2024-02-29 18:45:54.647 [info] Open repository: /home/barbarousa/.dotfiles
2024-02-29 18:45:54.676 [info] > git config --get commit.template [16ms]
2024-02-29 18:45:54.683 [info] > git rev-parse --show-toplevel [11ms]
2024-02-29 18:45:54.703 [info] > git for-each-ref --format=%(refname)%00%(upstream:short)%00%(objectname)%00%(upstream:track)%00%(upstream:remotename)%00%(upstream:remoteref) refs/heads/master refs/remotes/master [10ms]
2024-02-29 18:45:54.710 [warning] ENOENT: no such file or directory, open '/home/barbarousa/.dotfiles/.git/refs/remotes/origin/master'
2024-02-29 18:45:54.710 [info] > git rev-parse --show-toplevel [10ms]
2024-02-29 18:45:54.717 [info] > git rev-parse refs/remotes/origin/master [8ms]
2024-02-29 18:45:54.726 [info] > git rev-parse --show-toplevel [10ms]
2024-02-29 18:45:54.740 [info] > git rev-parse --show-toplevel [7ms]
2024-02-29 18:45:54.748 [info] > git status -z -uall [24ms]
2024-02-29 18:45:54.771 [info] > git rev-parse --show-toplevel [25ms]
2024-02-29 18:45:54.778 [info] > git config --get commit.template [9ms]
2024-02-29 18:45:54.780 [info] > git rev-parse --show-toplevel [3ms]
2024-02-29 18:45:54.866 [info] > git for-each-ref --format=%(refname)%00%(upstream:short)%00%(objectname)%00%(upstream:track)%00%(upstream:remotename)%00%(upstream:remoteref) refs/heads/master refs/remotes/master [76ms]
2024-02-29 18:45:54.908 [warning] ENOENT: no such file or directory, open '/home/barbarousa/.dotfiles/.git/refs/remotes/origin/master'
2024-02-29 18:45:54.911 [info] > git rev-parse refs/remotes/origin/master [3ms]
2024-02-29 18:45:54.935 [info] > git status -z -uall [19ms]
2024-02-29 18:45:55.210 [info] > git check-ignore -v -z --stdin [6ms]
2024-02-29 18:47:39.274 [info] > git fetch [605ms]
2024-02-29 18:47:39.310 [info] > git config --get commit.template [13ms]
2024-02-29 18:47:39.311 [info] > git for-each-ref --format=%(refname)%00%(upstream:short)%00%(objectname)%00%(upstream:track)%00%(upstream:remotename)%00%(upstream:remoteref) refs/heads/master refs/remotes/master [3ms]
2024-02-29 18:47:39.325 [warning] ENOENT: no such file or directory, open '/home/barbarousa/.dotfiles/.git/refs/remotes/origin/master'
2024-02-29 18:47:39.328 [info] > git rev-parse refs/remotes/origin/master [3ms]
2024-02-29 18:47:39.375 [info] > git status -z -uall [37ms]
2024-02-29 18:48:06.085 [info] > git check-ignore -v -z --stdin [6ms]
2024-02-29 18:48:07.855 [info] > git check-ignore -v -z --stdin [7ms]
2024-02-29 18:48:38.947 [info] > git check-ignore -v -z --stdin [6ms]
2024-02-29 18:48:40.636 [info] > git show --textconv :roles/docker/tasks/arch.yml [48ms]
2024-02-29 18:48:40.641 [info] > git ls-files --stage -- /home/barbarousa/.dotfiles/roles/docker/tasks/arch.yml [11ms]
2024-02-29 18:48:40.669 [info] > git cat-file -s 660c5b1b9ea29e9553e8d04a1afbb9b9e279c0c7 [6ms]
2024-02-29 18:50:18.509 [info] > git config --get commit.template [4ms]
2024-02-29 18:50:18.537 [info] > git ls-files --stage -- /home/barbarousa/.dotfiles/roles/docker/tasks/arch.yml [15ms]
2024-02-29 18:50:18.553 [info] > git for-each-ref --format=%(refname)%00%(upstream:short)%00%(objectname)%00%(upstream:track)%00%(upstream:remotename)%00%(upstream:remoteref) refs/heads/master refs/remotes/master [18ms]
2024-02-29 18:50:18.568 [warning] ENOENT: no such file or directory, open '/home/barbarousa/.dotfiles/.git/refs/remotes/origin/master'
2024-02-29 18:50:18.569 [info] > git cat-file -s 660c5b1b9ea29e9553e8d04a1afbb9b9e279c0c7 [16ms]
2024-02-29 18:50:18.570 [info] > git rev-parse refs/remotes/origin/master [3ms]
2024-02-29 18:50:18.604 [info] > git show --textconv :roles/docker/tasks/arch.yml [4ms]
2024-02-29 18:50:18.609 [info] > git status -z -uall [24ms]
2024-02-29 18:50:39.993 [info] > git fetch [590ms]
2024-02-29 18:50:40.023 [info] > git config --get commit.template [15ms]
2024-02-29 18:50:40.024 [info] > git for-each-ref --format=%(refname)%00%(upstream:short)%00%(objectname)%00%(upstream:track)%00%(upstream:remotename)%00%(upstream:remoteref) refs/heads/master refs/remotes/master [3ms]
2024-02-29 18:50:40.040 [warning] ENOENT: no such file or directory, open '/home/barbarousa/.dotfiles/.git/refs/remotes/origin/master'
2024-02-29 18:50:40.043 [info] > git rev-parse refs/remotes/origin/master [3ms]
2024-02-29 18:50:40.099 [info] > git status -z -uall [40ms]
2024-02-29 18:50:41.193 [info] > git ls-files --stage -- /home/barbarousa/.dotfiles/roles/docker/tasks/arch.yml [4ms]
2024-02-29 18:50:41.206 [info] > git cat-file -s 660c5b1b9ea29e9553e8d04a1afbb9b9e279c0c7 [2ms]
2024-02-29 18:50:41.220 [info] > git show --textconv :roles/docker/tasks/arch.yml [2ms]
2024-02-29 18:52:16.822 [info] > git config --get commit.template [21ms]
2024-02-29 18:52:16.823 [info] > git for-each-ref --format=%(refname)%00%(upstream:short)%00%(objectname)%00%(upstream:track)%00%(upstream:remotename)%00%(upstream:remoteref) refs/heads/master refs/remotes/master [3ms]
2024-02-29 18:52:16.841 [warning] ENOENT: no such file or directory, open '/home/barbarousa/.dotfiles/.git/refs/remotes/origin/master'
2024-02-29 18:52:16.843 [info] > git rev-parse refs/remotes/origin/master [2ms]
2024-02-29 18:52:16.885 [info] > git status -z -uall [23ms]
2024-02-29 18:56:31.041 [info] > git config --get commit.template [20ms]
2024-02-29 18:56:31.042 [info] > git ls-files --stage -- /home/barbarousa/.dotfiles/roles/docker/tasks/arch.yml [4ms]
2024-02-29 18:56:31.077 [info] > git cat-file -s 660c5b1b9ea29e9553e8d04a1afbb9b9e279c0c7 [18ms]
2024-02-29 18:56:31.079 [info] > git for-each-ref --format=%(refname)%00%(upstream:short)%00%(objectname)%00%(upstream:track)%00%(upstream:remotename)%00%(upstream:remoteref) refs/heads/master refs/remotes/master [4ms]
2024-02-29 18:56:31.097 [warning] ENOENT: no such file or directory, open '/home/barbarousa/.dotfiles/.git/refs/remotes/origin/master'
2024-02-29 18:56:31.099 [info] > git rev-parse refs/remotes/origin/master [2ms]
2024-02-29 18:56:31.134 [info] > git status -z -uall [18ms]
2024-02-29 18:56:31.138 [info] > git show --textconv :roles/docker/tasks/arch.yml [5ms]
2024-02-29 18:56:31.855 [info] > git fetch [855ms]
2024-02-29 18:56:31.900 [info] > git config --get commit.template [17ms]
2024-02-29 18:56:31.901 [info] > git for-each-ref --format=%(refname)%00%(upstream:short)%00%(objectname)%00%(upstream:track)%00%(upstream:remotename)%00%(upstream:remoteref) refs/heads/master refs/remotes/master [2ms]
2024-02-29 18:56:31.916 [warning] ENOENT: no such file or directory, open '/home/barbarousa/.dotfiles/.git/refs/remotes/origin/master'
2024-02-29 18:56:31.920 [info] > git rev-parse refs/remotes/origin/master [3ms]
2024-02-29 18:56:31.951 [info] > git status -z -uall [17ms]
2024-02-29 18:56:33.065 [info] > git ls-files --stage -- /home/barbarousa/.dotfiles/roles/docker/tasks/arch.yml [2ms]
2024-02-29 18:56:33.085 [info] > git cat-file -s 660c5b1b9ea29e9553e8d04a1afbb9b9e279c0c7 [2ms]
2024-02-29 18:56:33.126 [info] > git show --textconv :roles/docker/tasks/arch.yml [3ms]
2024-02-29 19:03:55.454 [info] > git fetch [799ms]
2024-02-29 19:03:55.533 [info] > git config --get commit.template [28ms]
2024-02-29 19:03:55.534 [info] > git for-each-ref --format=%(refname)%00%(upstream:short)%00%(objectname)%00%(upstream:track)%00%(upstream:remotename)%00%(upstream:remoteref) refs/heads/master refs/remotes/master [4ms]
2024-02-29 19:03:55.556 [warning] ENOENT: no such file or directory, open '/home/barbarousa/.dotfiles/.git/refs/remotes/origin/master'
2024-02-29 19:03:55.558 [info] > git rev-parse refs/remotes/origin/master [2ms]
2024-02-29 19:03:55.597 [info] > git status -z -uall [17ms]
2024-02-29 19:03:56.681 [info] > git ls-files --stage -- /home/barbarousa/.dotfiles/roles/docker/tasks/arch.yml [2ms]
2024-02-29 19:03:56.698 [info] > git cat-file -s 660c5b1b9ea29e9553e8d04a1afbb9b9e279c0c7 [2ms]
2024-02-29 19:03:56.717 [info] > git show --textconv :roles/docker/tasks/arch.yml [2ms]
2024-02-29 19:05:19.501 [info] > git check-ignore -v -z --stdin [2ms]
2024-02-29 19:05:21.364 [info] > git check-ignore -v -z --stdin [5ms]
2024-02-29 19:05:22.607 [info] > git show --textconv :configs/bin/.local/bin/dotfiles [40ms]
2024-02-29 19:05:22.607 [info] > git ls-files --stage -- /home/barbarousa/.dotfiles/configs/bin/.local/bin/dotfiles [20ms]
2024-02-29 19:05:22.627 [info] > git cat-file -s a18ff510461ba8003c52f0a51870de80343b7523 [3ms]
2024-02-29 19:05:22.757 [info] > git check-ignore -v -z --stdin [3ms]
2024-02-29 19:05:36.060 [info] > git config --get commit.template [3ms]
2024-02-29 19:05:36.078 [info] > git for-each-ref --format=%(refname)%00%(upstream:short)%00%(objectname)%00%(upstream:track)%00%(upstream:remotename)%00%(upstream:remoteref) refs/heads/master refs/remotes/master [3ms]
2024-02-29 19:05:36.093 [warning] ENOENT: no such file or directory, open '/home/barbarousa/.dotfiles/.git/refs/remotes/origin/master'
2024-02-29 19:05:36.095 [info] > git rev-parse refs/remotes/origin/master [2ms]
2024-02-29 19:05:36.128 [info] > git status -z -uall [17ms]
2024-02-29 19:05:41.244 [info] > git config --get commit.template [66ms]
2024-02-29 19:05:41.246 [info] > git for-each-ref --format=%(refname)%00%(upstream:short)%00%(objectname)%00%(upstream:track)%00%(upstream:remotename)%00%(upstream:remoteref) refs/heads/master refs/remotes/master [4ms]
2024-02-29 19:05:41.265 [warning] ENOENT: no such file or directory, open '/home/barbarousa/.dotfiles/.git/refs/remotes/origin/master'
2024-02-29 19:05:41.267 [info] > git rev-parse refs/remotes/origin/master [2ms]
2024-02-29 19:05:41.302 [info] > git status -z -uall [19ms]
2024-02-29 19:05:46.345 [info] > git config --get commit.template [18ms]
2024-02-29 19:05:46.345 [info] > git for-each-ref --format=%(refname)%00%(upstream:short)%00%(objectname)%00%(upstream:track)%00%(upstream:remotename)%00%(upstream:remoteref) refs/heads/master refs/remotes/master [2ms]
2024-02-29 19:05:46.361 [warning] ENOENT: no such file or directory, open '/home/barbarousa/.dotfiles/.git/refs/remotes/origin/master'
2024-02-29 19:05:46.362 [info] > git rev-parse refs/remotes/origin/master [1ms]
2024-02-29 19:05:46.395 [info] > git status -z -uall [17ms]
2024-02-29 19:05:51.449 [info] > git config --get commit.template [10ms]
2024-02-29 19:05:51.475 [info] > git for-each-ref --format=%(refname)%00%(upstream:short)%00%(objectname)%00%(upstream:track)%00%(upstream:remotename)%00%(upstream:remoteref) refs/heads/master refs/remotes/master [6ms]
2024-02-29 19:05:51.495 [warning] ENOENT: no such file or directory, open '/home/barbarousa/.dotfiles/.git/refs/remotes/origin/master'
2024-02-29 19:05:51.497 [info] > git rev-parse refs/remotes/origin/master [2ms]
2024-02-29 19:05:51.535 [info] > git status -z -uall [20ms]
2024-02-29 19:05:59.769 [info] > git config --get commit.template [26ms]
2024-02-29 19:05:59.770 [info] > git for-each-ref --format=%(refname)%00%(upstream:short)%00%(objectname)%00%(upstream:track)%00%(upstream:remotename)%00%(upstream:remoteref) refs/heads/master refs/remotes/master [3ms]
2024-02-29 19:05:59.787 [warning] ENOENT: no such file or directory, open '/home/barbarousa/.dotfiles/.git/refs/remotes/origin/master'
2024-02-29 19:05:59.788 [info] > git rev-parse refs/remotes/origin/master [2ms]
2024-02-29 19:05:59.822 [info] > git status -z -uall [17ms]
2024-02-29 19:06:04.929 [info] > git config --get commit.template [5ms]
2024-02-29 19:06:04.953 [info] > git for-each-ref --format=%(refname)%00%(upstream:short)%00%(objectname)%00%(upstream:track)%00%(upstream:remotename)%00%(upstream:remoteref) refs/heads/master refs/remotes/master [4ms]
2024-02-29 19:06:04.971 [warning] ENOENT: no such file or directory, open '/home/barbarousa/.dotfiles/.git/refs/remotes/origin/master'
2024-02-29 19:06:04.973 [info] > git rev-parse refs/remotes/origin/master [3ms]
2024-02-29 19:06:05.009 [info] > git status -z -uall [18ms]
2024-02-29 19:06:10.091 [info] > git config --get commit.template [30ms]
2024-02-29 19:06:10.092 [info] > git for-each-ref --format=%(refname)%00%(upstream:short)%00%(objectname)%00%(upstream:track)%00%(upstream:remotename)%00%(upstream:remoteref) refs/heads/master refs/remotes/master [2ms]
2024-02-29 19:06:10.108 [warning] ENOENT: no such file or directory, open '/home/barbarousa/.dotfiles/.git/refs/remotes/origin/master'
2024-02-29 19:06:10.110 [info] > git rev-parse refs/remotes/origin/master [2ms]
2024-02-29 19:06:10.143 [info] > git status -z -uall [18ms]
2024-02-29 19:06:20.756 [info] > git config --get commit.template [34ms]
2024-02-29 19:06:20.760 [info] > git for-each-ref --format=%(refname)%00%(upstream:short)%00%(objectname)%00%(upstream:track)%00%(upstream:remotename)%00%(upstream:remoteref) refs/heads/master refs/remotes/master [10ms]
2024-02-29 19:06:20.783 [warning] ENOENT: no such file or directory, open '/home/barbarousa/.dotfiles/.git/refs/remotes/origin/master'
2024-02-29 19:06:20.786 [info] > git rev-parse refs/remotes/origin/master [3ms]
2024-02-29 19:06:20.822 [info] > git status -z -uall [17ms]
2024-02-29 19:06:25.863 [info] > git config --get commit.template [19ms]
2024-02-29 19:06:25.865 [info] > git for-each-ref --format=%(refname)%00%(upstream:short)%00%(objectname)%00%(upstream:track)%00%(upstream:remotename)%00%(upstream:remoteref) refs/heads/master refs/remotes/master [3ms]
2024-02-29 19:06:25.881 [warning] ENOENT: no such file or directory, open '/home/barbarousa/.dotfiles/.git/refs/remotes/origin/master'
2024-02-29 19:06:25.883 [info] > git rev-parse refs/remotes/origin/master [2ms]
2024-02-29 19:06:25.916 [info] > git status -z -uall [17ms]
2024-02-29 19:06:30.972 [info] > git config --get commit.template [3ms]
2024-02-29 19:06:30.993 [info] > git for-each-ref --format=%(refname)%00%(upstream:short)%00%(objectname)%00%(upstream:track)%00%(upstream:remotename)%00%(upstream:remoteref) refs/heads/master refs/remotes/master [2ms]
2024-02-29 19:06:31.008 [warning] ENOENT: no such file or directory, open '/home/barbarousa/.dotfiles/.git/refs/remotes/origin/master'
2024-02-29 19:06:31.011 [info] > git rev-parse refs/remotes/origin/master [2ms]
2024-02-29 19:06:31.045 [info] > git status -z -uall [18ms]
2024-02-29 19:09:15.447 [info] > git config --get commit.template [34ms]
2024-02-29 19:09:15.448 [info] > git ls-files --stage -- /home/barbarousa/.dotfiles/configs/bin/.local/bin/dotfiles [4ms]
2024-02-29 19:09:15.503 [info] > git cat-file -s a18ff510461ba8003c52f0a51870de80343b7523 [30ms]
2024-02-29 19:09:15.505 [info] > git for-each-ref --format=%(refname)%00%(upstream:short)%00%(objectname)%00%(upstream:track)%00%(upstream:remotename)%00%(upstream:remoteref) refs/heads/master refs/remotes/master [6ms]
2024-02-29 19:09:15.529 [warning] ENOENT: no such file or directory, open '/home/barbarousa/.dotfiles/.git/refs/remotes/origin/master'
2024-02-29 19:09:15.558 [info] > git show --textconv :configs/bin/.local/bin/dotfiles [1ms]
2024-02-29 19:09:15.558 [info] > git rev-parse refs/remotes/origin/master [29ms]
2024-02-29 19:09:15.607 [info] > git status -z -uall [25ms]
2024-02-29 19:09:16.147 [info] > git fetch [765ms]
2024-02-29 19:09:16.194 [info] > git config --get commit.template [23ms]
2024-02-29 19:09:16.196 [info] > git for-each-ref --format=%(refname)%00%(upstream:short)%00%(objectname)%00%(upstream:track)%00%(upstream:remotename)%00%(upstream:remoteref) refs/heads/master refs/remotes/master [2ms]
2024-02-29 19:09:16.214 [warning] ENOENT: no such file or directory, open '/home/barbarousa/.dotfiles/.git/refs/remotes/origin/master'
2024-02-29 19:09:16.216 [info] > git rev-parse refs/remotes/origin/master [2ms]
2024-02-29 19:09:16.258 [info] > git status -z -uall [20ms]
2024-02-29 19:09:17.363 [info] > git ls-files --stage -- /home/barbarousa/.dotfiles/configs/bin/.local/bin/dotfiles [2ms]
2024-02-29 19:09:17.390 [info] > git cat-file -s a18ff510461ba8003c52f0a51870de80343b7523 [4ms]
2024-02-29 19:09:17.413 [info] > git show --textconv :configs/bin/.local/bin/dotfiles [3ms]
2024-02-29 19:09:19.920 [info] > git show --textconv :roles/docker/tasks/arch.yml [85ms]
2024-02-29 19:09:19.920 [info] > git show --textconv :configs/bin/.local/bin/dotfiles [28ms]
2024-02-29 19:09:19.921 [info] > git ls-files --stage -- /home/barbarousa/.dotfiles/configs/bin/.local/bin/dotfiles [7ms]
2024-02-29 19:09:19.948 [info] > git ls-files --stage -- /home/barbarousa/.dotfiles/roles/docker/tasks/arch.yml [84ms]
2024-02-29 19:09:19.985 [info] > git cat-file -s 660c5b1b9ea29e9553e8d04a1afbb9b9e279c0c7 [9ms]
2024-02-29 19:09:19.987 [info] > git cat-file -s a18ff510461ba8003c52f0a51870de80343b7523 [41ms]
2024-02-29 19:16:25.541 [info] > git ls-files --stage -- /home/barbarousa/.dotfiles/roles/docker/tasks/arch.yml [21ms]
2024-02-29 19:16:25.561 [info] > git ls-files --stage -- /home/barbarousa/.dotfiles/configs/bin/.local/bin/dotfiles [20ms]
2024-02-29 19:16:25.579 [info] > git cat-file -s 660c5b1b9ea29e9553e8d04a1afbb9b9e279c0c7 [20ms]
2024-02-29 19:16:25.581 [info] > git cat-file -s a18ff510461ba8003c52f0a51870de80343b7523 [3ms]
2024-02-29 19:16:25.622 [info] > git show --textconv :roles/docker/tasks/arch.yml [20ms]
2024-02-29 19:16:25.624 [info] > git show --textconv :configs/bin/.local/bin/dotfiles [3ms]
2024-02-29 19:16:27.079 [info] > git fetch [2761ms]
2024-02-29 19:16:27.154 [info] > git config --get commit.template [24ms]
2024-02-29 19:16:27.156 [info] > git for-each-ref --format=%(refname)%00%(upstream:short)%00%(objectname)%00%(upstream:track)%00%(upstream:remotename)%00%(upstream:remoteref) refs/heads/master refs/remotes/master [3ms]
2024-02-29 19:16:27.172 [warning] ENOENT: no such file or directory, open '/home/barbarousa/.dotfiles/.git/refs/remotes/origin/master'
2024-02-29 19:16:27.174 [info] > git rev-parse refs/remotes/origin/master [2ms]
2024-02-29 19:16:27.206 [info] > git status -z -uall [16ms]
2024-02-29 19:16:28.308 [info] > git ls-files --stage -- /home/barbarousa/.dotfiles/roles/docker/tasks/arch.yml [27ms]
2024-02-29 19:16:28.333 [info] > git ls-files --stage -- /home/barbarousa/.dotfiles/configs/bin/.local/bin/dotfiles [26ms]
2024-02-29 19:16:28.355 [info] > git cat-file -s 660c5b1b9ea29e9553e8d04a1afbb9b9e279c0c7 [24ms]
2024-02-29 19:16:28.358 [info] > git cat-file -s a18ff510461ba8003c52f0a51870de80343b7523 [4ms]
2024-02-29 19:16:28.422 [info] > git show --textconv :roles/docker/tasks/arch.yml [34ms]
2024-02-29 19:16:28.426 [info] > git show --textconv :configs/bin/.local/bin/dotfiles [5ms]
2024-02-29 19:17:58.358 [info] > git check-ignore -v -z --stdin [5ms]
2024-02-29 19:18:02.923 [info] > git check-ignore -v -z --stdin [6ms]
2024-02-29 19:18:04.341 [info] > git show --textconv :roles/stow/tasks/arch.yml [19ms]
2024-02-29 19:18:04.342 [info] > git ls-files --stage -- /home/barbarousa/.dotfiles/roles/stow/tasks/arch.yml [3ms]
2024-02-29 19:18:04.377 [info] > git cat-file -s 2d7604cd5695ab71737cfb3753a045b907ad9c3a [19ms]
2024-02-29 19:20:06.410 [info] > git fetch [1021ms]
2024-02-29 19:20:06.458 [info] > git config --get commit.template [20ms]
2024-02-29 19:20:06.459 [info] > git for-each-ref --format=%(refname)%00%(upstream:short)%00%(objectname)%00%(upstream:track)%00%(upstream:remotename)%00%(upstream:remoteref) refs/heads/master refs/remotes/master [2ms]
2024-02-29 19:20:06.476 [warning] ENOENT: no such file or directory, open '/home/barbarousa/.dotfiles/.git/refs/remotes/origin/master'
2024-02-29 19:20:06.477 [info] > git rev-parse refs/remotes/origin/master [1ms]
2024-02-29 19:20:06.511 [info] > git status -z -uall [17ms]
2024-02-29 19:20:07.644 [info] > git ls-files --stage -- /home/barbarousa/.dotfiles/roles/docker/tasks/arch.yml [20ms]
2024-02-29 19:20:07.660 [info] > git ls-files --stage -- /home/barbarousa/.dotfiles/roles/stow/tasks/arch.yml [17ms]
2024-02-29 19:20:07.677 [info] > git cat-file -s 660c5b1b9ea29e9553e8d04a1afbb9b9e279c0c7 [18ms]
2024-02-29 19:20:07.678 [info] > git cat-file -s 2d7604cd5695ab71737cfb3753a045b907ad9c3a [2ms]
2024-02-29 19:20:07.713 [info] > git show --textconv :roles/docker/tasks/arch.yml [18ms]
2024-02-29 19:20:07.716 [info] > git show --textconv :roles/stow/tasks/arch.yml [4ms]
2024-02-29 19:20:10.583 [info] > git show --textconv :main.yml [18ms]
2024-02-29 19:20:10.584 [info] > git ls-files --stage -- /home/barbarousa/.dotfiles/main.yml [2ms]
2024-02-29 19:20:10.618 [info] > git cat-file -s 294495253bb4faa85976a0acdf68061e4680ec86 [18ms]
2024-02-29 19:20:17.924 [info] > git show --textconv :roles/stow/tasks/arch.yml [22ms]
2024-02-29 19:20:17.924 [info] > git ls-files --stage -- /home/barbarousa/.dotfiles/roles/stow/tasks/arch.yml [3ms]
2024-02-29 19:20:17.950 [info] > git cat-file -s 2d7604cd5695ab71737cfb3753a045b907ad9c3a [3ms]
2024-02-29 19:20:18.644 [info] > git show --textconv :roles/stow/tasks/arch.yml [59ms]
2024-02-29 19:20:18.644 [info] > git show --textconv :main.yml [21ms]
2024-02-29 19:20:18.645 [info] > git ls-files --stage -- /home/barbarousa/.dotfiles/roles/stow/tasks/arch.yml [40ms]
2024-02-29 19:20:18.662 [info] > git ls-files --stage -- /home/barbarousa/.dotfiles/main.yml [20ms]
2024-02-29 19:20:18.678 [info] > git cat-file -s 2d7604cd5695ab71737cfb3753a045b907ad9c3a [18ms]
2024-02-29 19:20:18.680 [info] > git cat-file -s 294495253bb4faa85976a0acdf68061e4680ec86 [2ms]
2024-02-29 19:20:25.968 [info] > git config --get commit.template [23ms]
2024-02-29 19:20:25.971 [info] > git for-each-ref --format=%(refname)%00%(upstream:short)%00%(objectname)%00%(upstream:track)%00%(upstream:remotename)%00%(upstream:remoteref) refs/heads/master refs/remotes/master [4ms]
2024-02-29 19:20:25.989 [warning] ENOENT: no such file or directory, open '/home/barbarousa/.dotfiles/.git/refs/remotes/origin/master'
2024-02-29 19:20:25.991 [info] > git rev-parse refs/remotes/origin/master [2ms]
2024-02-29 19:20:26.028 [info] > git status -z -uall [18ms]
2024-02-29 19:23:07.470 [info] > git fetch [909ms]
2024-02-29 19:23:07.518 [info] > git config --get commit.template [20ms]
2024-02-29 19:23:07.520 [info] > git for-each-ref --format=%(refname)%00%(upstream:short)%00%(objectname)%00%(upstream:track)%00%(upstream:remotename)%00%(upstream:remoteref) refs/heads/master refs/remotes/master [3ms]
2024-02-29 19:23:07.535 [warning] ENOENT: no such file or directory, open '/home/barbarousa/.dotfiles/.git/refs/remotes/origin/master'
2024-02-29 19:23:07.537 [info] > git rev-parse refs/remotes/origin/master [2ms]
2024-02-29 19:23:07.570 [info] > git status -z -uall [18ms]
2024-02-29 19:23:08.676 [info] > git ls-files --stage -- /home/barbarousa/.dotfiles/roles/stow/tasks/arch.yml [18ms]
2024-02-29 19:23:08.693 [info] > git ls-files --stage -- /home/barbarousa/.dotfiles/main.yml [18ms]
2024-02-29 19:23:08.710 [info] > git cat-file -s 2d7604cd5695ab71737cfb3753a045b907ad9c3a [17ms]
2024-02-29 19:23:08.711 [info] > git cat-file -s 294495253bb4faa85976a0acdf68061e4680ec86 [3ms]
2024-02-29 19:23:08.745 [info] > git show --textconv :roles/stow/tasks/arch.yml [18ms]
2024-02-29 19:23:08.747 [info] > git show --textconv :main.yml [3ms]
2024-02-29 19:25:00.277 [info] > git config --get commit.template [22ms]
2024-02-29 19:25:00.279 [info] > git for-each-ref --format=%(refname)%00%(upstream:short)%00%(objectname)%00%(upstream:track)%00%(upstream:remotename)%00%(upstream:remoteref) refs/heads/master refs/remotes/master [3ms]
2024-02-29 19:25:00.295 [warning] ENOENT: no such file or directory, open '/home/barbarousa/.dotfiles/.git/refs/remotes/origin/master'
2024-02-29 19:25:00.297 [info] > git rev-parse refs/remotes/origin/master [2ms]
2024-02-29 19:25:00.333 [info] > git status -z -uall [18ms]
2024-02-29 19:25:07.266 [info] > git show --textconv :roles/stow/tasks/vars.yml [24ms]
2024-02-29 19:25:07.268 [info] > git ls-files --stage -- /home/barbarousa/.dotfiles/roles/stow/tasks/vars.yml [2ms]
2024-02-29 19:25:07.314 [info] > git cat-file -s 29e8f3c95bed183f0fcab36e5bff6b4e065eb313 [24ms]
2024-02-29 19:25:12.604 [info] > git config --get commit.template [3ms]
2024-02-29 19:25:12.629 [info] > git for-each-ref --format=%(refname)%00%(upstream:short)%00%(objectname)%00%(upstream:track)%00%(upstream:remotename)%00%(upstream:remoteref) refs/heads/master refs/remotes/master [2ms]
2024-02-29 19:25:12.647 [warning] ENOENT: no such file or directory, open '/home/barbarousa/.dotfiles/.git/refs/remotes/origin/master'
2024-02-29 19:25:12.719 [info] > git rev-parse refs/remotes/origin/master [73ms]
2024-02-29 19:25:12.756 [info] > git status -z -uall [19ms]
2024-02-29 19:25:17.803 [info] > git config --get commit.template [3ms]
2024-02-29 19:25:17.829 [info] > git for-each-ref --format=%(refname)%00%(upstream:short)%00%(objectname)%00%(upstream:track)%00%(upstream:remotename)%00%(upstream:remoteref) refs/heads/master refs/remotes/master [2ms]
2024-02-29 19:25:17.847 [warning] ENOENT: no such file or directory, open '/home/barbarousa/.dotfiles/.git/refs/remotes/origin/master'
2024-02-29 19:25:17.849 [info] > git rev-parse refs/remotes/origin/master [2ms]
2024-02-29 19:25:17.883 [info] > git status -z -uall [17ms]
2024-02-29 19:25:22.949 [info] > git config --get commit.template [20ms]
2024-02-29 19:25:22.951 [info] > git for-each-ref --format=%(refname)%00%(upstream:short)%00%(objectname)%00%(upstream:track)%00%(upstream:remotename)%00%(upstream:remoteref) refs/heads/master refs/remotes/master [3ms]
2024-02-29 19:25:22.967 [warning] ENOENT: no such file or directory, open '/home/barbarousa/.dotfiles/.git/refs/remotes/origin/master'
2024-02-29 19:25:22.969 [info] > git rev-parse refs/remotes/origin/master [1ms]
2024-02-29 19:25:23.006 [info] > git status -z -uall [19ms]
2024-02-29 19:25:28.050 [info] > git config --get commit.template [8ms]
2024-02-29 19:25:28.073 [info] > git for-each-ref --format=%(refname)%00%(upstream:short)%00%(objectname)%00%(upstream:track)%00%(upstream:remotename)%00%(upstream:remoteref) refs/heads/master refs/remotes/master [3ms]
2024-02-29 19:25:28.092 [warning] ENOENT: no such file or directory, open '/home/barbarousa/.dotfiles/.git/refs/remotes/origin/master'
2024-02-29 19:25:28.094 [info] > git rev-parse refs/remotes/origin/master [2ms]
2024-02-29 19:25:28.130 [info] > git status -z -uall [17ms]
2024-02-29 19:25:33.164 [info] > git config --get commit.template [5ms]
2024-02-29 19:25:33.188 [info] > git for-each-ref --format=%(refname)%00%(upstream:short)%00%(objectname)%00%(upstream:track)%00%(upstream:remotename)%00%(upstream:remoteref) refs/heads/master refs/remotes/master [3ms]
2024-02-29 19:25:33.207 [warning] ENOENT: no such file or directory, open '/home/barbarousa/.dotfiles/.git/refs/remotes/origin/master'
2024-02-29 19:25:33.209 [info] > git rev-parse refs/remotes/origin/master [2ms]
2024-02-29 19:25:33.301 [info] > git status -z -uall [73ms]
2024-02-29 19:25:38.355 [info] > git config --get commit.template [4ms]
2024-02-29 19:25:38.394 [info] > git for-each-ref --format=%(refname)%00%(upstream:short)%00%(objectname)%00%(upstream:track)%00%(upstream:remotename)%00%(upstream:remoteref) refs/heads/master refs/remotes/master [4ms]
2024-02-29 19:25:38.413 [warning] ENOENT: no such file or directory, open '/home/barbarousa/.dotfiles/.git/refs/remotes/origin/master'
2024-02-29 19:25:38.414 [info] > git rev-parse refs/remotes/origin/master [2ms]
2024-02-29 19:25:38.456 [info] > git status -z -uall [24ms]
2024-02-29 19:25:43.522 [info] > git config --get commit.template [21ms]
2024-02-29 19:25:43.523 [info] > git for-each-ref --format=%(refname)%00%(upstream:short)%00%(objectname)%00%(upstream:track)%00%(upstream:remotename)%00%(upstream:remoteref) refs/heads/master refs/remotes/master [2ms]
2024-02-29 19:25:43.541 [warning] ENOENT: no such file or directory, open '/home/barbarousa/.dotfiles/.git/refs/remotes/origin/master'
2024-02-29 19:25:43.543 [info] > git rev-parse refs/remotes/origin/master [3ms]
2024-02-29 19:25:43.577 [info] > git status -z -uall [16ms]
2024-02-29 19:25:48.641 [info] > git config --get commit.template [23ms]
2024-02-29 19:25:48.643 [info] > git for-each-ref --format=%(refname)%00%(upstream:short)%00%(objectname)%00%(upstream:track)%00%(upstream:remotename)%00%(upstream:remoteref) refs/heads/master refs/remotes/master [3ms]
2024-02-29 19:25:48.661 [warning] ENOENT: no such file or directory, open '/home/barbarousa/.dotfiles/.git/refs/remotes/origin/master'
2024-02-29 19:25:48.662 [info] > git rev-parse refs/remotes/origin/master [1ms]
2024-02-29 19:25:48.695 [info] > git status -z -uall [17ms]
2024-02-29 19:26:03.131 [info] > git for-each-ref --format=%(refname)%00%(upstream:short)%00%(objectname)%00%(upstream:track)%00%(upstream:remotename)%00%(upstream:remoteref) refs/heads/master refs/remotes/master [3ms]
2024-02-29 19:26:03.131 [info] > git config --get commit.template [26ms]
2024-02-29 19:26:03.150 [warning] ENOENT: no such file or directory, open '/home/barbarousa/.dotfiles/.git/refs/remotes/origin/master'
2024-02-29 19:26:03.152 [info] > git rev-parse refs/remotes/origin/master [3ms]
2024-02-29 19:26:03.187 [info] > git status -z -uall [19ms]
2024-02-29 19:31:21.993 [info] > git ls-files --stage -- /home/barbarousa/.dotfiles/main.yml [21ms]
2024-02-29 19:31:22.011 [info] > git config --get commit.template [58ms]
2024-02-29 19:31:22.012 [info] > git ls-files --stage -- /home/barbarousa/.dotfiles/roles/stow/tasks/vars.yml [22ms]
2024-02-29 19:31:22.046 [info] > git cat-file -s 294495253bb4faa85976a0acdf68061e4680ec86 [36ms]
2024-02-29 19:31:22.048 [info] > git for-each-ref --format=%(refname)%00%(upstream:short)%00%(objectname)%00%(upstream:track)%00%(upstream:remotename)%00%(upstream:remoteref) refs/heads/master refs/remotes/master [3ms]
2024-02-29 19:31:22.048 [info] > git cat-file -s 29e8f3c95bed183f0fcab36e5bff6b4e065eb313 [20ms]
2024-02-29 19:31:22.083 [warning] ENOENT: no such file or directory, open '/home/barbarousa/.dotfiles/.git/refs/remotes/origin/master'
2024-02-29 19:31:22.104 [info] > git show --textconv :main.yml [38ms]
2024-02-29 19:31:22.104 [info] > git rev-parse refs/remotes/origin/master [21ms]
2024-02-29 19:31:22.127 [info] > git show --textconv :roles/stow/tasks/vars.yml [25ms]
2024-02-29 19:31:22.145 [info] > git status -z -uall [20ms]
2024-02-29 19:31:22.546 [info] > git fetch [622ms]
2024-02-29 19:31:22.589 [info] > git config --get commit.template [20ms]
2024-02-29 19:31:22.590 [info] > git for-each-ref --format=%(refname)%00%(upstream:short)%00%(objectname)%00%(upstream:track)%00%(upstream:remotename)%00%(upstream:remoteref) refs/heads/master refs/remotes/master [2ms]
2024-02-29 19:31:22.608 [warning] ENOENT: no such file or directory, open '/home/barbarousa/.dotfiles/.git/refs/remotes/origin/master'
2024-02-29 19:31:22.611 [info] > git rev-parse refs/remotes/origin/master [3ms]
2024-02-29 19:31:22.646 [info] > git status -z -uall [18ms]
2024-02-29 19:31:23.770 [info] > git ls-files --stage -- /home/barbarousa/.dotfiles/main.yml [21ms]
2024-02-29 19:31:23.788 [info] > git ls-files --stage -- /home/barbarousa/.dotfiles/roles/stow/tasks/vars.yml [19ms]
2024-02-29 19:31:23.806 [info] > git cat-file -s 294495253bb4faa85976a0acdf68061e4680ec86 [19ms]
2024-02-29 19:31:23.808 [info] > git cat-file -s 29e8f3c95bed183f0fcab36e5bff6b4e065eb313 [2ms]
2024-02-29 19:31:23.845 [info] > git show --textconv :main.yml [18ms]
2024-02-29 19:31:23.847 [info] > git show --textconv :roles/stow/tasks/vars.yml [3ms]
2024-02-29 19:31:27.217 [info] > git config --get commit.template [20ms]
2024-02-29 19:31:27.220 [info] > git for-each-ref --format=%(refname)%00%(upstream:short)%00%(objectname)%00%(upstream:track)%00%(upstream:remotename)%00%(upstream:remoteref) refs/heads/master refs/remotes/master [4ms]
2024-02-29 19:31:27.238 [warning] ENOENT: no such file or directory, open '/home/barbarousa/.dotfiles/.git/refs/remotes/origin/master'
2024-02-29 19:31:27.239 [info] > git rev-parse refs/remotes/origin/master [1ms]
2024-02-29 19:31:27.276 [info] > git status -z -uall [18ms]
2024-02-29 19:31:27.800 [info] > git show --textconv :roles/stow/tasks/arch.yml [7ms]
2024-02-29 19:31:27.827 [info] > git ls-files --stage -- /home/barbarousa/.dotfiles/roles/stow/tasks/arch.yml [4ms]
2024-02-29 19:31:27.847 [info] > git cat-file -s 2d7604cd5695ab71737cfb3753a045b907ad9c3a [2ms]
2024-02-29 19:33:07.250 [info] > git config --get commit.template [37ms]
2024-02-29 19:33:07.253 [info] > git for-each-ref --format=%(refname)%00%(upstream:short)%00%(objectname)%00%(upstream:track)%00%(upstream:remotename)%00%(upstream:remoteref) refs/heads/master refs/remotes/master [4ms]
2024-02-29 19:33:07.273 [warning] ENOENT: no such file or directory, open '/home/barbarousa/.dotfiles/.git/refs/remotes/origin/master'
2024-02-29 19:33:07.275 [info] > git rev-parse refs/remotes/origin/master [2ms]
2024-02-29 19:33:07.309 [info] > git status -z -uall [17ms]
2024-02-29 19:33:14.504 [info] > git config --get commit.template [9ms]
2024-02-29 19:33:14.525 [info] > git for-each-ref --format=%(refname)%00%(upstream:short)%00%(objectname)%00%(upstream:track)%00%(upstream:remotename)%00%(upstream:remoteref) refs/heads/master refs/remotes/master [2ms]
2024-02-29 19:33:14.542 [warning] ENOENT: no such file or directory, open '/home/barbarousa/.dotfiles/.git/refs/remotes/origin/master'
2024-02-29 19:33:14.694 [info] > git rev-parse refs/remotes/origin/master [152ms]
2024-02-29 19:33:14.736 [info] > git status -z -uall [25ms]
2024-02-29 19:33:19.802 [info] > git config --get commit.template [27ms]
2024-02-29 19:33:19.803 [info] > git for-each-ref --format=%(refname)%00%(upstream:short)%00%(objectname)%00%(upstream:track)%00%(upstream:remotename)%00%(upstream:remoteref) refs/heads/master refs/remotes/master [2ms]
2024-02-29 19:33:19.825 [warning] ENOENT: no such file or directory, open '/home/barbarousa/.dotfiles/.git/refs/remotes/origin/master'
2024-02-29 19:33:19.827 [info] > git rev-parse refs/remotes/origin/master [2ms]
2024-02-29 19:33:19.867 [info] > git status -z -uall [19ms]
2024-02-29 19:33:28.259 [info] > git config --get commit.template [37ms]
2024-02-29 19:33:28.261 [info] > git for-each-ref --format=%(refname)%00%(upstream:short)%00%(objectname)%00%(upstream:track)%00%(upstream:remotename)%00%(upstream:remoteref) refs/heads/master refs/remotes/master [3ms]
2024-02-29 19:33:28.278 [warning] ENOENT: no such file or directory, open '/home/barbarousa/.dotfiles/.git/refs/remotes/origin/master'
2024-02-29 19:33:28.280 [info] > git rev-parse refs/remotes/origin/master [2ms]
2024-02-29 19:33:28.314 [info] > git status -z -uall [18ms]
2024-02-29 19:33:33.512 [info] > git config --get commit.template [27ms]
2024-02-29 19:33:33.513 [info] > git for-each-ref --format=%(refname)%00%(upstream:short)%00%(objectname)%00%(upstream:track)%00%(upstream:remotename)%00%(upstream:remoteref) refs/heads/master refs/remotes/master [3ms]
2024-02-29 19:33:33.530 [warning] ENOENT: no such file or directory, open '/home/barbarousa/.dotfiles/.git/refs/remotes/origin/master'
2024-02-29 19:33:33.532 [info] > git rev-parse refs/remotes/origin/master [2ms]
2024-02-29 19:33:33.568 [info] > git status -z -uall [18ms]
2024-02-29 19:33:45.762 [info] > git config --get commit.template [6ms]
2024-02-29 19:33:45.796 [info] > git for-each-ref --format=%(refname)%00%(upstream:short)%00%(objectname)%00%(upstream:track)%00%(upstream:remotename)%00%(upstream:remoteref) refs/heads/master refs/remotes/master [3ms]
2024-02-29 19:33:45.814 [warning] ENOENT: no such file or directory, open '/home/barbarousa/.dotfiles/.git/refs/remotes/origin/master'
2024-02-29 19:33:45.816 [info] > git rev-parse refs/remotes/origin/master [2ms]
2024-02-29 19:33:45.851 [info] > git status -z -uall [17ms]
2024-02-29 19:33:50.911 [info] > git config --get commit.template [19ms]
2024-02-29 19:33:50.912 [info] > git for-each-ref --format=%(refname)%00%(upstream:short)%00%(objectname)%00%(upstream:track)%00%(upstream:remotename)%00%(upstream:remoteref) refs/heads/master refs/remotes/master [2ms]
2024-02-29 19:33:50.930 [warning] ENOENT: no such file or directory, open '/home/barbarousa/.dotfiles/.git/refs/remotes/origin/master'
2024-02-29 19:33:50.932 [info] > git rev-parse refs/remotes/origin/master [2ms]
2024-02-29 19:33:50.967 [info] > git status -z -uall [17ms]
2024-02-29 19:34:00.371 [info] > git config --get commit.template [28ms]
2024-02-29 19:34:00.373 [info] > git for-each-ref --format=%(refname)%00%(upstream:short)%00%(objectname)%00%(upstream:track)%00%(upstream:remotename)%00%(upstream:remoteref) refs/heads/master refs/remotes/master [3ms]
2024-02-29 19:34:00.389 [warning] ENOENT: no such file or directory, open '/home/barbarousa/.dotfiles/.git/refs/remotes/origin/master'
2024-02-29 19:34:00.391 [info] > git rev-parse refs/remotes/origin/master [2ms]
2024-02-29 19:34:00.426 [info] > git status -z -uall [17ms]
2024-02-29 19:34:05.991 [info] > git config --get commit.template [6ms]
2024-02-29 19:34:06.020 [info] > git for-each-ref --format=%(refname)%00%(upstream:short)%00%(objectname)%00%(upstream:track)%00%(upstream:remotename)%00%(upstream:remoteref) refs/heads/master refs/remotes/master [4ms]
2024-02-29 19:34:06.039 [warning] ENOENT: no such file or directory, open '/home/barbarousa/.dotfiles/.git/refs/remotes/origin/master'
2024-02-29 19:34:06.041 [info] > git rev-parse refs/remotes/origin/master [2ms]
2024-02-29 19:34:06.081 [info] > git status -z -uall [22ms]
2024-02-29 19:34:11.137 [info] > git config --get commit.template [20ms]
2024-02-29 19:34:11.138 [info] > git for-each-ref --format=%(refname)%00%(upstream:short)%00%(objectname)%00%(upstream:track)%00%(upstream:remotename)%00%(upstream:remoteref) refs/heads/master refs/remotes/master [2ms]
2024-02-29 19:34:11.156 [warning] ENOENT: no such file or directory, open '/home/barbarousa/.dotfiles/.git/refs/remotes/origin/master'
2024-02-29 19:34:11.158 [info] > git rev-parse refs/remotes/origin/master [2ms]
2024-02-29 19:34:11.193 [info] > git status -z -uall [17ms]
2024-02-29 19:34:16.277 [info] > git config --get commit.template [33ms]
2024-02-29 19:34:16.278 [info] > git for-each-ref --format=%(refname)%00%(upstream:short)%00%(objectname)%00%(upstream:track)%00%(upstream:remotename)%00%(upstream:remoteref) refs/heads/master refs/remotes/master [3ms]
2024-02-29 19:34:16.294 [warning] ENOENT: no such file or directory, open '/home/barbarousa/.dotfiles/.git/refs/remotes/origin/master'
2024-02-29 19:34:16.295 [info] > git rev-parse refs/remotes/origin/master [1ms]
2024-02-29 19:34:16.327 [info] > git status -z -uall [16ms]
2024-02-29 19:34:21.386 [info] > git config --get commit.template [19ms]
2024-02-29 19:34:21.387 [info] > git for-each-ref --format=%(refname)%00%(upstream:short)%00%(objectname)%00%(upstream:track)%00%(upstream:remotename)%00%(upstream:remoteref) refs/heads/master refs/remotes/master [2ms]
2024-02-29 19:34:21.403 [warning] ENOENT: no such file or directory, open '/home/barbarousa/.dotfiles/.git/refs/remotes/origin/master'
2024-02-29 19:34:21.405 [info] > git rev-parse refs/remotes/origin/master [2ms]
2024-02-29 19:34:21.437 [info] > git status -z -uall [16ms]
2024-02-29 19:34:23.304 [info] > git fetch [611ms]
2024-02-29 19:34:23.345 [info] > git config --get commit.template [19ms]
2024-02-29 19:34:23.347 [info] > git for-each-ref --format=%(refname)%00%(upstream:short)%00%(objectname)%00%(upstream:track)%00%(upstream:remotename)%00%(upstream:remoteref) refs/heads/master refs/remotes/master [3ms]
2024-02-29 19:34:23.365 [warning] ENOENT: no such file or directory, open '/home/barbarousa/.dotfiles/.git/refs/remotes/origin/master'
2024-02-29 19:34:23.367 [info] > git rev-parse refs/remotes/origin/master [2ms]
2024-02-29 19:34:23.400 [info] > git status -z -uall [17ms]
2024-02-29 19:34:24.543 [info] > git ls-files --stage -- /home/barbarousa/.dotfiles/main.yml [24ms]
2024-02-29 19:34:24.561 [info] > git ls-files --stage -- /home/barbarousa/.dotfiles/roles/stow/tasks/arch.yml [20ms]
2024-02-29 19:34:24.581 [info] > git cat-file -s 294495253bb4faa85976a0acdf68061e4680ec86 [20ms]
2024-02-29 19:34:24.582 [info] > git cat-file -s 2d7604cd5695ab71737cfb3753a045b907ad9c3a [4ms]
2024-02-29 19:34:24.629 [info] > git show --textconv :main.yml [23ms]
2024-02-29 19:34:24.629 [info] > git show --textconv :roles/stow/tasks/arch.yml [4ms]
2024-02-29 19:34:26.488 [info] > git config --get commit.template [27ms]
2024-02-29 19:34:26.489 [info] > git for-each-ref --format=%(refname)%00%(upstream:short)%00%(objectname)%00%(upstream:track)%00%(upstream:remotename)%00%(upstream:remoteref) refs/heads/master refs/remotes/master [3ms]
2024-02-29 19:34:26.509 [warning] ENOENT: no such file or directory, open '/home/barbarousa/.dotfiles/.git/refs/remotes/origin/master'
2024-02-29 19:34:26.511 [info] > git rev-parse refs/remotes/origin/master [1ms]
2024-02-29 19:34:26.548 [info] > git status -z -uall [19ms]
2024-02-29 19:34:53.161 [info] > git config --get commit.template [27ms]
2024-02-29 19:34:53.162 [info] > git for-each-ref --format=%(refname)%00%(upstream:short)%00%(objectname)%00%(upstream:track)%00%(upstream:remotename)%00%(upstream:remoteref) refs/heads/master refs/remotes/master [3ms]
2024-02-29 19:34:53.187 [warning] ENOENT: no such file or directory, open '/home/barbarousa/.dotfiles/.git/refs/remotes/origin/master'
2024-02-29 19:34:53.191 [info] > git rev-parse refs/remotes/origin/master [4ms]
2024-02-29 19:34:53.227 [info] > git status -z -uall [17ms]
2024-02-29 19:34:58.817 [info] > git config --get commit.template [39ms]
2024-02-29 19:34:58.819 [info] > git for-each-ref --format=%(refname)%00%(upstream:short)%00%(objectname)%00%(upstream:track)%00%(upstream:remotename)%00%(upstream:remoteref) refs/heads/master refs/remotes/master [4ms]
2024-02-29 19:34:58.840 [warning] ENOENT: no such file or directory, open '/home/barbarousa/.dotfiles/.git/refs/remotes/origin/master'
2024-02-29 19:34:58.841 [info] > git rev-parse refs/remotes/origin/master [1ms]
2024-02-29 19:34:58.876 [info] > git status -z -uall [17ms]
2024-02-29 19:38:14.102 [info] > git ls-files --stage -- /home/barbarousa/.dotfiles/main.yml [47ms]
2024-02-29 19:38:14.122 [info] > git config --get commit.template [22ms]
2024-02-29 19:38:14.122 [info] > git ls-files --stage -- /home/barbarousa/.dotfiles/roles/stow/tasks/arch.yml [42ms]
2024-02-29 19:38:14.165 [info] > git cat-file -s 294495253bb4faa85976a0acdf68061e4680ec86 [45ms]
2024-02-29 19:38:14.166 [info] > git cat-file -s 2d7604cd5695ab71737cfb3753a045b907ad9c3a [23ms]
2024-02-29 19:38:14.167 [info] > git for-each-ref --format=%(refname)%00%(upstream:short)%00%(objectname)%00%(upstream:track)%00%(upstream:remotename)%00%(upstream:remoteref) refs/heads/master refs/remotes/master [3ms]
2024-02-29 19:38:14.212 [warning] ENOENT: no such file or directory, open '/home/barbarousa/.dotfiles/.git/refs/remotes/origin/master'
2024-02-29 19:38:14.235 [info] > git show --textconv :main.yml [42ms]
2024-02-29 19:38:14.236 [info] > git rev-parse refs/remotes/origin/master [25ms]
2024-02-29 19:38:14.257 [info] > git show --textconv :roles/stow/tasks/arch.yml [23ms]
2024-02-29 19:38:14.273 [info] > git status -z -uall [19ms]
2024-02-29 19:38:14.778 [info] > git fetch [755ms]
2024-02-29 19:38:14.831 [info] > git config --get commit.template [20ms]
2024-02-29 19:38:14.832 [info] > git for-each-ref --format=%(refname)%00%(upstream:short)%00%(objectname)%00%(upstream:track)%00%(upstream:remotename)%00%(upstream:remoteref) refs/heads/master refs/remotes/master [2ms]
2024-02-29 19:38:14.850 [warning] ENOENT: no such file or directory, open '/home/barbarousa/.dotfiles/.git/refs/remotes/origin/master'
2024-02-29 19:38:14.852 [info] > git rev-parse refs/remotes/origin/master [2ms]
2024-02-29 19:38:14.889 [info] > git status -z -uall [19ms]
2024-02-29 19:38:16.015 [info] > git ls-files --stage -- /home/barbarousa/.dotfiles/main.yml [19ms]
2024-02-29 19:38:16.032 [info] > git ls-files --stage -- /home/barbarousa/.dotfiles/roles/stow/tasks/arch.yml [18ms]
2024-02-29 19:38:16.049 [info] > git cat-file -s 294495253bb4faa85976a0acdf68061e4680ec86 [18ms]
2024-02-29 19:38:16.051 [info] > git cat-file -s 2d7604cd5695ab71737cfb3753a045b907ad9c3a [3ms]
2024-02-29 19:38:16.087 [info] > git show --textconv :main.yml [20ms]
2024-02-29 19:38:16.089 [info] > git show --textconv :roles/stow/tasks/arch.yml [3ms]
2024-02-29 19:38:19.352 [info] > git config --get commit.template [28ms]
2024-02-29 19:38:19.353 [info] > git for-each-ref --format=%(refname)%00%(upstream:short)%00%(objectname)%00%(upstream:track)%00%(upstream:remotename)%00%(upstream:remoteref) refs/heads/master refs/remotes/master [2ms]
2024-02-29 19:38:19.372 [warning] ENOENT: no such file or directory, open '/home/barbarousa/.dotfiles/.git/refs/remotes/origin/master'
2024-02-29 19:38:19.374 [info] > git rev-parse refs/remotes/origin/master [2ms]
2024-02-29 19:38:19.408 [info] > git status -z -uall [17ms]
2024-02-29 19:38:24.469 [info] > git config --get commit.template [19ms]
2024-02-29 19:38:24.470 [info] > git for-each-ref --format=%(refname)%00%(upstream:short)%00%(objectname)%00%(upstream:track)%00%(upstream:remotename)%00%(upstream:remoteref) refs/heads/master refs/remotes/master [2ms]
2024-02-29 19:38:24.489 [warning] ENOENT: no such file or directory, open '/home/barbarousa/.dotfiles/.git/refs/remotes/origin/master'
2024-02-29 19:38:24.491 [info] > git rev-parse refs/remotes/origin/master [2ms]
2024-02-29 19:38:24.525 [info] > git status -z -uall [17ms]
2024-02-29 19:38:40.497 [info] > git config --get commit.template [17ms]
2024-02-29 19:38:40.499 [info] > git for-each-ref --format=%(refname)%00%(upstream:short)%00%(objectname)%00%(upstream:track)%00%(upstream:remotename)%00%(upstream:remoteref) refs/heads/master refs/remotes/master [2ms]
2024-02-29 19:38:40.515 [warning] ENOENT: no such file or directory, open '/home/barbarousa/.dotfiles/.git/refs/remotes/origin/master'
2024-02-29 19:38:40.517 [info] > git rev-parse refs/remotes/origin/master [1ms]
2024-02-29 19:38:40.549 [info] > git status -z -uall [15ms]
2024-02-29 19:40:11.401 [info] > git ls-files --stage -- /home/barbarousa/.dotfiles/main.yml [25ms]
2024-02-29 19:40:11.423 [info] > git config --get commit.template [71ms]
2024-02-29 19:40:11.444 [info] > git ls-files --stage -- /home/barbarousa/.dotfiles/roles/stow/tasks/arch.yml [43ms]
2024-02-29 19:40:11.463 [info] > git for-each-ref --format=%(refname)%00%(upstream:short)%00%(objectname)%00%(upstream:track)%00%(upstream:remotename)%00%(upstream:remoteref) refs/heads/master refs/remotes/master [21ms]
2024-02-29 19:40:11.464 [info] > git cat-file -s 294495253bb4faa85976a0acdf68061e4680ec86 [42ms]
2024-02-29 19:40:11.485 [warning] ENOENT: no such file or directory, open '/home/barbarousa/.dotfiles/.git/refs/remotes/origin/master'
2024-02-29 19:40:11.486 [info] > git cat-file -s 2d7604cd5695ab71737cfb3753a045b907ad9c3a [24ms]
2024-02-29 19:40:11.488 [info] > git rev-parse refs/remotes/origin/master [3ms]
2024-02-29 19:40:11.530 [info] > git status -z -uall [22ms]
2024-02-29 19:40:11.559 [info] > git show --textconv :main.yml [30ms]
2024-02-29 19:40:11.562 [info] > git show --textconv :roles/stow/tasks/arch.yml [4ms]
2024-02-29 19:40:16.619 [info] > git config --get commit.template [34ms]
2024-02-29 19:40:16.620 [info] > git for-each-ref --format=%(refname)%00%(upstream:short)%00%(objectname)%00%(upstream:track)%00%(upstream:remotename)%00%(upstream:remoteref) refs/heads/master refs/remotes/master [2ms]
2024-02-29 19:40:16.638 [warning] ENOENT: no such file or directory, open '/home/barbarousa/.dotfiles/.git/refs/remotes/origin/master'
2024-02-29 19:40:16.640 [info] > git rev-parse refs/remotes/origin/master [1ms]
2024-02-29 19:40:16.679 [info] > git status -z -uall [19ms]
2024-02-29 19:40:25.798 [info] > git config --get commit.template [18ms]
2024-02-29 19:40:25.800 [info] > git for-each-ref --format=%(refname)%00%(upstream:short)%00%(objectname)%00%(upstream:track)%00%(upstream:remotename)%00%(upstream:remoteref) refs/heads/master refs/remotes/master [3ms]
2024-02-29 19:40:25.817 [warning] ENOENT: no such file or directory, open '/home/barbarousa/.dotfiles/.git/refs/remotes/origin/master'
2024-02-29 19:40:25.818 [info] > git rev-parse refs/remotes/origin/master [1ms]
2024-02-29 19:40:25.852 [info] > git status -z -uall [16ms]
2024-02-29 19:40:30.920 [info] > git config --get commit.template [24ms]
2024-02-29 19:40:30.921 [info] > git for-each-ref --format=%(refname)%00%(upstream:short)%00%(objectname)%00%(upstream:track)%00%(upstream:remotename)%00%(upstream:remoteref) refs/heads/master refs/remotes/master [3ms]
2024-02-29 19:40:30.944 [warning] ENOENT: no such file or directory, open '/home/barbarousa/.dotfiles/.git/refs/remotes/origin/master'
2024-02-29 19:40:30.946 [info] > git rev-parse refs/remotes/origin/master [2ms]
2024-02-29 19:40:30.984 [info] > git status -z -uall [18ms]
2024-02-29 19:42:02.235 [info] > git ls-files --stage -- /home/barbarousa/.dotfiles/main.yml [23ms]
2024-02-29 19:42:02.255 [info] > git config --get commit.template [72ms]
2024-02-29 19:42:02.258 [info] > git cat-file -s 294495253bb4faa85976a0acdf68061e4680ec86 [3ms]
2024-02-29 19:42:02.258 [info] > git ls-files --stage -- /home/barbarousa/.dotfiles/roles/stow/tasks/arch.yml [25ms]
2024-02-29 19:42:02.317 [info] > git for-each-ref --format=%(refname)%00%(upstream:short)%00%(objectname)%00%(upstream:track)%00%(upstream:remotename)%00%(upstream:remoteref) refs/heads/master refs/remotes/master [21ms]
2024-02-29 19:42:02.318 [info] > git cat-file -s 2d7604cd5695ab71737cfb3753a045b907ad9c3a [40ms]
2024-02-29 19:42:02.349 [warning] ENOENT: no such file or directory, open '/home/barbarousa/.dotfiles/.git/refs/remotes/origin/master'
2024-02-29 19:42:02.350 [info] > git show --textconv :main.yml [34ms]
2024-02-29 19:42:02.398 [info] > git rev-parse refs/remotes/origin/master [49ms]
2024-02-29 19:42:02.431 [info] > git show --textconv :roles/stow/tasks/arch.yml [35ms]
2024-02-29 19:42:02.461 [info] > git status -z -uall [32ms]
2024-02-29 19:42:02.934 [info] > git fetch [786ms]
2024-02-29 19:42:03.045 [info] > git config --get commit.template [56ms]
2024-02-29 19:42:03.046 [info] > git for-each-ref --format=%(refname)%00%(upstream:short)%00%(objectname)%00%(upstream:track)%00%(upstream:remotename)%00%(upstream:remoteref) refs/heads/master refs/remotes/master [5ms]
2024-02-29 19:42:03.067 [warning] ENOENT: no such file or directory, open '/home/barbarousa/.dotfiles/.git/refs/remotes/origin/master'
2024-02-29 19:42:03.068 [info] > git rev-parse refs/remotes/origin/master [1ms]
2024-02-29 19:42:03.102 [info] > git status -z -uall [17ms]
2024-02-29 19:42:04.201 [info] > git ls-files --stage -- /home/barbarousa/.dotfiles/main.yml [19ms]
2024-02-29 19:42:04.220 [info] > git ls-files --stage -- /home/barbarousa/.dotfiles/roles/stow/tasks/arch.yml [20ms]
2024-02-29 19:42:04.239 [info] > git cat-file -s 294495253bb4faa85976a0acdf68061e4680ec86 [20ms]
2024-02-29 19:42:04.241 [info] > git cat-file -s 2d7604cd5695ab71737cfb3753a045b907ad9c3a [2ms]
2024-02-29 19:42:04.279 [info] > git show --textconv :main.yml [20ms]
2024-02-29 19:42:04.281 [info] > git show --textconv :roles/stow/tasks/arch.yml [3ms]
2024-02-29 19:42:07.533 [info] > git config --get commit.template [22ms]
2024-02-29 19:42:07.535 [info] > git for-each-ref --format=%(refname)%00%(upstream:short)%00%(objectname)%00%(upstream:track)%00%(upstream:remotename)%00%(upstream:remoteref) refs/heads/master refs/remotes/master [2ms]
2024-02-29 19:42:07.552 [warning] ENOENT: no such file or directory, open '/home/barbarousa/.dotfiles/.git/refs/remotes/origin/master'
2024-02-29 19:42:07.554 [info] > git rev-parse refs/remotes/origin/master [1ms]
2024-02-29 19:42:07.586 [info] > git status -z -uall [16ms]
2024-02-29 19:45:04.194 [info] > git fetch [1062ms]
2024-02-29 19:45:04.277 [info] > git for-each-ref --format=%(refname)%00%(upstream:short)%00%(objectname)%00%(upstream:track)%00%(upstream:remotename)%00%(upstream:remoteref) refs/heads/master refs/remotes/master [2ms]
2024-02-29 19:45:04.278 [info] > git config --get commit.template [39ms]
2024-02-29 19:45:04.296 [warning] ENOENT: no such file or directory, open '/home/barbarousa/.dotfiles/.git/refs/remotes/origin/master'
2024-02-29 19:45:04.298 [info] > git rev-parse refs/remotes/origin/master [2ms]
2024-02-29 19:45:04.334 [info] > git status -z -uall [17ms]
2024-02-29 19:45:05.456 [info] > git ls-files --stage -- /home/barbarousa/.dotfiles/main.yml [30ms]
2024-02-29 19:45:05.474 [info] > git ls-files --stage -- /home/barbarousa/.dotfiles/roles/stow/tasks/arch.yml [19ms]
2024-02-29 19:45:05.491 [info] > git cat-file -s 294495253bb4faa85976a0acdf68061e4680ec86 [18ms]
2024-02-29 19:45:05.493 [info] > git cat-file -s 2d7604cd5695ab71737cfb3753a045b907ad9c3a [3ms]
2024-02-29 19:45:05.532 [info] > git show --textconv :main.yml [22ms]
2024-02-29 19:45:05.532 [info] > git show --textconv :roles/stow/tasks/arch.yml [4ms]
2024-02-29 19:46:26.398 [info] > git config --get commit.template [22ms]
2024-02-29 19:46:26.399 [info] > git for-each-ref --format=%(refname)%00%(upstream:short)%00%(objectname)%00%(upstream:track)%00%(upstream:remotename)%00%(upstream:remoteref) refs/heads/master refs/remotes/master [2ms]
2024-02-29 19:46:26.417 [warning] ENOENT: no such file or directory, open '/home/barbarousa/.dotfiles/.git/refs/remotes/origin/master'
2024-02-29 19:46:26.419 [info] > git rev-parse refs/remotes/origin/master [2ms]
2024-02-29 19:46:26.460 [info] > git status -z -uall [20ms]
2024-02-29 20:06:26.726 [info] > git ls-files --stage -- /home/barbarousa/.dotfiles/main.yml [23ms]
2024-02-29 20:06:26.746 [info] > git config --get commit.template [64ms]
2024-02-29 20:06:26.747 [info] > git ls-files --stage -- /home/barbarousa/.dotfiles/roles/stow/tasks/arch.yml [23ms]
2024-02-29 20:06:26.788 [info] > git cat-file -s 294495253bb4faa85976a0acdf68061e4680ec86 [43ms]
2024-02-29 20:06:26.793 [info] > git for-each-ref --format=%(refname)%00%(upstream:short)%00%(objectname)%00%(upstream:track)%00%(upstream:remotename)%00%(upstream:remoteref) refs/heads/master refs/remotes/master [6ms]
2024-02-29 20:06:26.794 [info] > git cat-file -s 2d7604cd5695ab71737cfb3753a045b907ad9c3a [27ms]
2024-02-29 20:06:26.817 [warning] ENOENT: no such file or directory, open '/home/barbarousa/.dotfiles/.git/refs/remotes/origin/master'
2024-02-29 20:06:26.845 [info] > git show --textconv :main.yml [5ms]
2024-02-29 20:06:26.845 [info] > git rev-parse refs/remotes/origin/master [29ms]
2024-02-29 20:06:26.900 [info] > git show --textconv :roles/stow/tasks/arch.yml [7ms]
2024-02-29 20:06:26.904 [info] > git status -z -uall [39ms]
2024-02-29 20:06:27.527 [info] > git fetch [868ms]
2024-02-29 20:06:27.563 [info] > git config --get commit.template [18ms]
2024-02-29 20:06:27.565 [info] > git for-each-ref --format=%(refname)%00%(upstream:short)%00%(objectname)%00%(upstream:track)%00%(upstream:remotename)%00%(upstream:remoteref) refs/heads/master refs/remotes/master [3ms]
2024-02-29 20:06:27.580 [warning] ENOENT: no such file or directory, open '/home/barbarousa/.dotfiles/.git/refs/remotes/origin/master'
2024-02-29 20:06:27.582 [info] > git rev-parse refs/remotes/origin/master [2ms]
2024-02-29 20:06:27.618 [info] > git status -z -uall [19ms]
2024-02-29 20:06:28.762 [info] > git ls-files --stage -- /home/barbarousa/.dotfiles/main.yml [23ms]
2024-02-29 20:06:28.781 [info] > git ls-files --stage -- /home/barbarousa/.dotfiles/roles/stow/tasks/arch.yml [21ms]
2024-02-29 20:06:28.800 [info] > git cat-file -s 294495253bb4faa85976a0acdf68061e4680ec86 [20ms]
2024-02-29 20:06:28.802 [info] > git cat-file -s 2d7604cd5695ab71737cfb3753a045b907ad9c3a [3ms]
2024-02-29 20:06:28.840 [info] > git show --textconv :main.yml [20ms]
2024-02-29 20:06:28.843 [info] > git show --textconv :roles/stow/tasks/arch.yml [4ms]
2024-02-29 20:06:29.659 [info] > git show --textconv :roles/stow/tasks/vars.yml [6ms]
2024-02-29 20:06:29.685 [info] > git ls-files --stage -- /home/barbarousa/.dotfiles/roles/stow/tasks/vars.yml [4ms]
2024-02-29 20:06:29.711 [info] > git cat-file -s 29e8f3c95bed183f0fcab36e5bff6b4e065eb313 [3ms]
2024-02-29 20:06:31.542 [info] > git show --textconv :roles/docker/tasks/arch.yml [14ms]
2024-02-29 20:06:31.598 [info] > git ls-files --stage -- /home/barbarousa/.dotfiles/roles/docker/tasks/arch.yml [5ms]
2024-02-29 20:06:31.619 [info] > git cat-file -s 660c5b1b9ea29e9553e8d04a1afbb9b9e279c0c7 [3ms]
2024-02-29 20:06:38.873 [info] > git check-ignore -v -z --stdin [6ms]
2024-02-29 20:06:40.018 [info] > git show --textconv :roles/keyd/tasks/arch.yml [19ms]
2024-02-29 20:06:40.019 [info] > git ls-files --stage -- /home/barbarousa/.dotfiles/roles/keyd/tasks/arch.yml [2ms]
2024-02-29 20:06:40.037 [info] > git cat-file -s b440f6f86dc8e7cca203e8172016cd1f5ef945d5 [2ms]
2024-02-29 20:06:50.539 [info] > git config --get commit.template [3ms]
2024-02-29 20:06:50.559 [info] > git for-each-ref --format=%(refname)%00%(upstream:short)%00%(objectname)%00%(upstream:track)%00%(upstream:remotename)%00%(upstream:remoteref) refs/heads/master refs/remotes/master [3ms]
2024-02-29 20:06:50.576 [warning] ENOENT: no such file or directory, open '/home/barbarousa/.dotfiles/.git/refs/remotes/origin/master'
2024-02-29 20:06:50.579 [info] > git rev-parse refs/remotes/origin/master [2ms]
2024-02-29 20:06:50.613 [info] > git status -z -uall [18ms]
2024-02-29 20:06:59.538 [info] > git config --get commit.template [5ms]
2024-02-29 20:06:59.559 [info] > git for-each-ref --format=%(refname)%00%(upstream:short)%00%(objectname)%00%(upstream:track)%00%(upstream:remotename)%00%(upstream:remoteref) refs/heads/master refs/remotes/master [3ms]
2024-02-29 20:06:59.577 [warning] ENOENT: no such file or directory, open '/home/barbarousa/.dotfiles/.git/refs/remotes/origin/master'
2024-02-29 20:06:59.580 [info] > git rev-parse refs/remotes/origin/master [3ms]
2024-02-29 20:06:59.615 [info] > git status -z -uall [18ms]
2024-02-29 20:10:43.215 [info] > git ls-files --stage -- /home/barbarousa/.dotfiles/main.yml [33ms]
2024-02-29 20:10:43.254 [info] > git config --get commit.template [113ms]
2024-02-29 20:10:43.257 [info] > git cat-file -s 294495253bb4faa85976a0acdf68061e4680ec86 [4ms]
2024-02-29 20:10:43.258 [info] > git ls-files --stage -- /home/barbarousa/.dotfiles/roles/keyd/tasks/arch.yml [45ms]
2024-02-29 20:10:43.352 [info] > git for-each-ref --format=%(refname)%00%(upstream:short)%00%(objectname)%00%(upstream:track)%00%(upstream:remotename)%00%(upstream:remoteref) refs/heads/master refs/remotes/master [30ms]
2024-02-29 20:10:43.353 [info] > git cat-file -s b440f6f86dc8e7cca203e8172016cd1f5ef945d5 [58ms]
2024-02-29 20:10:43.374 [warning] ENOENT: no such file or directory, open '/home/barbarousa/.dotfiles/.git/refs/remotes/origin/master'
2024-02-29 20:10:43.375 [info] > git show --textconv :main.yml [24ms]
2024-02-29 20:10:43.378 [info] > git rev-parse refs/remotes/origin/master [4ms]
2024-02-29 20:10:43.423 [info] > git status -z -uall [25ms]
2024-02-29 20:10:43.431 [info] > git show --textconv :roles/keyd/tasks/arch.yml [9ms]
2024-02-29 20:10:43.744 [info] > git fetch [636ms]
2024-02-29 20:10:43.812 [info] > git config --get commit.template [8ms]
2024-02-29 20:10:43.869 [info] > git for-each-ref --format=%(refname)%00%(upstream:short)%00%(objectname)%00%(upstream:track)%00%(upstream:remotename)%00%(upstream:remoteref) refs/heads/master refs/remotes/master [7ms]
2024-02-29 20:10:43.919 [warning] ENOENT: no such file or directory, open '/home/barbarousa/.dotfiles/.git/refs/remotes/origin/master'
2024-02-29 20:10:43.924 [info] > git rev-parse refs/remotes/origin/master [5ms]
2024-02-29 20:10:43.967 [info] > git status -z -uall [19ms]
2024-02-29 20:10:44.949 [info] > git ls-files --stage -- /home/barbarousa/.dotfiles/main.yml [18ms]
2024-02-29 20:10:44.966 [info] > git ls-files --stage -- /home/barbarousa/.dotfiles/roles/keyd/tasks/arch.yml [18ms]
2024-02-29 20:10:44.982 [info] > git cat-file -s 294495253bb4faa85976a0acdf68061e4680ec86 [17ms]
2024-02-29 20:10:44.984 [info] > git cat-file -s b440f6f86dc8e7cca203e8172016cd1f5ef945d5 [2ms]
2024-02-29 20:10:45.025 [info] > git show --textconv :main.yml [23ms]
2024-02-29 20:10:45.027 [info] > git show --textconv :roles/keyd/tasks/arch.yml [3ms]
2024-02-29 20:10:48.486 [info] > git config --get commit.template [21ms]
2024-02-29 20:10:48.488 [info] > git for-each-ref --format=%(refname)%00%(upstream:short)%00%(objectname)%00%(upstream:track)%00%(upstream:remotename)%00%(upstream:remoteref) refs/heads/master refs/remotes/master [3ms]
2024-02-29 20:10:48.504 [warning] ENOENT: no such file or directory, open '/home/barbarousa/.dotfiles/.git/refs/remotes/origin/master'
2024-02-29 20:10:48.505 [info] > git rev-parse refs/remotes/origin/master [1ms]
2024-02-29 20:10:48.537 [info] > git status -z -uall [16ms]
2024-02-29 20:12:30.791 [info] > git ls-files --stage -- /home/barbarousa/.dotfiles/main.yml [23ms]
2024-02-29 20:12:30.811 [info] > git config --get commit.template [62ms]
2024-02-29 20:12:30.813 [info] > git ls-files --stage -- /home/barbarousa/.dotfiles/roles/keyd/tasks/arch.yml [23ms]
2024-02-29 20:12:30.852 [info] > git cat-file -s 294495253bb4faa85976a0acdf68061e4680ec86 [41ms]
2024-02-29 20:12:30.854 [info] > git for-each-ref --format=%(refname)%00%(upstream:short)%00%(objectname)%00%(upstream:track)%00%(upstream:remotename)%00%(upstream:remoteref) refs/heads/master refs/remotes/master [3ms]
2024-02-29 20:12:30.854 [info] > git cat-file -s b440f6f86dc8e7cca203e8172016cd1f5ef945d5 [23ms]
2024-02-29 20:12:30.873 [warning] ENOENT: no such file or directory, open '/home/barbarousa/.dotfiles/.git/refs/remotes/origin/master'
2024-02-29 20:12:30.912 [info] > git show --textconv :main.yml [19ms]
2024-02-29 20:12:30.913 [info] > git rev-parse refs/remotes/origin/master [39ms]
2024-02-29 20:12:30.932 [info] > git show --textconv :roles/keyd/tasks/arch.yml [21ms]
2024-02-29 20:12:30.958 [info] > git status -z -uall [27ms]
2024-02-29 20:12:45.149 [info] > git config --get commit.template [3ms]
2024-02-29 20:12:45.176 [info] > git for-each-ref --format=%(refname)%00%(upstream:short)%00%(objectname)%00%(upstream:track)%00%(upstream:remotename)%00%(upstream:remoteref) refs/heads/master refs/remotes/master [4ms]
2024-02-29 20:12:45.194 [warning] ENOENT: no such file or directory, open '/home/barbarousa/.dotfiles/.git/refs/remotes/origin/master'
2024-02-29 20:12:45.196 [info] > git rev-parse refs/remotes/origin/master [2ms]
2024-02-29 20:12:45.236 [info] > git status -z -uall [20ms]
2024-02-29 20:13:40.662 [info] > git check-ignore -v -z --stdin [3ms]
2024-02-29 20:13:41.233 [info] > git config --get commit.template [21ms]
2024-02-29 20:13:41.234 [info] > git for-each-ref --format=%(refname)%00%(upstream:short)%00%(objectname)%00%(upstream:track)%00%(upstream:remotename)%00%(upstream:remoteref) refs/heads/master refs/remotes/master [2ms]
2024-02-29 20:13:41.254 [warning] ENOENT: no such file or directory, open '/home/barbarousa/.dotfiles/.git/refs/remotes/origin/master'
2024-02-29 20:13:41.256 [info] > git rev-parse refs/remotes/origin/master [2ms]
2024-02-29 20:13:41.291 [info] > git status -z -uall [18ms]
2024-02-29 20:13:45.131 [info] > git fetch [1132ms]
2024-02-29 20:13:45.171 [info] > git config --get commit.template [22ms]
2024-02-29 20:13:45.173 [info] > git for-each-ref --format=%(refname)%00%(upstream:short)%00%(objectname)%00%(upstream:track)%00%(upstream:remotename)%00%(upstream:remoteref) refs/heads/master refs/remotes/master [2ms]
2024-02-29 20:13:45.192 [warning] ENOENT: no such file or directory, open '/home/barbarousa/.dotfiles/.git/refs/remotes/origin/master'
2024-02-29 20:13:45.194 [info] > git rev-parse refs/remotes/origin/master [2ms]
2024-02-29 20:13:45.269 [info] > git status -z -uall [55ms]
2024-02-29 20:13:45.269 [info] > git ls-files --stage -- /home/barbarousa/.dotfiles/main.yml [25ms]
2024-02-29 20:13:45.293 [info] > git cat-file -s 294495253bb4faa85976a0acdf68061e4680ec86 [5ms]
2024-02-29 20:13:45.293 [info] > git ls-files --stage -- /home/barbarousa/.dotfiles/roles/keyd/tasks/arch.yml [26ms]
2024-02-29 20:13:45.339 [info] > git cat-file -s b440f6f86dc8e7cca203e8172016cd1f5ef945d5 [26ms]
2024-02-29 20:13:45.342 [info] > git show --textconv :main.yml [4ms]
2024-02-29 20:13:45.370 [info] > git show --textconv :roles/keyd/tasks/arch.yml [3ms]
2024-02-29 20:13:46.445 [info] > git ls-files --stage -- /home/barbarousa/.dotfiles/main.yml [28ms]
2024-02-29 20:13:46.462 [info] > git ls-files --stage -- /home/barbarousa/.dotfiles/roles/keyd/tasks/arch.yml [18ms]
2024-02-29 20:13:46.479 [info] > git cat-file -s 294495253bb4faa85976a0acdf68061e4680ec86 [18ms]
2024-02-29 20:13:46.481 [info] > git cat-file -s b440f6f86dc8e7cca203e8172016cd1f5ef945d5 [3ms]
2024-02-29 20:13:46.516 [info] > git show --textconv :main.yml [18ms]
2024-02-29 20:13:46.518 [info] > git show --textconv :roles/keyd/tasks/arch.yml [2ms]
2024-02-29 20:14:38.802 [info] > git config --get commit.template [22ms]
2024-02-29 20:14:38.803 [info] > git for-each-ref --format=%(refname)%00%(upstream:short)%00%(objectname)%00%(upstream:track)%00%(upstream:remotename)%00%(upstream:remoteref) refs/heads/master refs/remotes/master [2ms]
2024-02-29 20:14:38.825 [warning] ENOENT: no such file or directory, open '/home/barbarousa/.dotfiles/.git/refs/remotes/origin/master'
2024-02-29 20:14:38.827 [info] > git rev-parse refs/remotes/origin/master [2ms]
2024-02-29 20:14:38.862 [info] > git status -z -uall [18ms]
2024-02-29 20:14:43.188 [info] > git check-ignore -v -z --stdin [3ms]
2024-02-29 20:15:41.120 [info] > git config --get commit.template [43ms]
2024-02-29 20:15:41.122 [info] > git for-each-ref --format=%(refname)%00%(upstream:short)%00%(objectname)%00%(upstream:track)%00%(upstream:remotename)%00%(upstream:remoteref) refs/heads/master refs/remotes/master [3ms]
2024-02-29 20:15:41.140 [warning] ENOENT: no such file or directory, open '/home/barbarousa/.dotfiles/.git/refs/remotes/origin/master'
2024-02-29 20:15:41.142 [info] > git rev-parse refs/remotes/origin/master [2ms]
2024-02-29 20:15:41.177 [info] > git status -z -uall [18ms]
2024-02-29 20:15:50.114 [info] > git config --get commit.template [19ms]
2024-02-29 20:15:50.116 [info] > git for-each-ref --format=%(refname)%00%(upstream:short)%00%(objectname)%00%(upstream:track)%00%(upstream:remotename)%00%(upstream:remoteref) refs/heads/master refs/remotes/master [3ms]
2024-02-29 20:15:50.133 [warning] ENOENT: no such file or directory, open '/home/barbarousa/.dotfiles/.git/refs/remotes/origin/master'
2024-02-29 20:15:50.135 [info] > git rev-parse refs/remotes/origin/master [1ms]
2024-02-29 20:15:50.173 [info] > git status -z -uall [21ms]
2024-02-29 20:15:55.240 [info] > git config --get commit.template [27ms]
2024-02-29 20:15:55.242 [info] > git for-each-ref --format=%(refname)%00%(upstream:short)%00%(objectname)%00%(upstream:track)%00%(upstream:remotename)%00%(upstream:remoteref) refs/heads/master refs/remotes/master [3ms]
2024-02-29 20:15:55.262 [warning] ENOENT: no such file or directory, open '/home/barbarousa/.dotfiles/.git/refs/remotes/origin/master'
2024-02-29 20:15:55.263 [info] > git rev-parse refs/remotes/origin/master [2ms]
2024-02-29 20:15:55.298 [info] > git status -z -uall [17ms]
2024-02-29 20:16:00.351 [info] > git config --get commit.template [24ms]
2024-02-29 20:16:00.352 [info] > git for-each-ref --format=%(refname)%00%(upstream:short)%00%(objectname)%00%(upstream:track)%00%(upstream:remotename)%00%(upstream:remoteref) refs/heads/master refs/remotes/master [2ms]
2024-02-29 20:16:00.371 [warning] ENOENT: no such file or directory, open '/home/barbarousa/.dotfiles/.git/refs/remotes/origin/master'
2024-02-29 20:16:00.374 [info] > git rev-parse refs/remotes/origin/master [3ms]
2024-02-29 20:16:00.412 [info] > git status -z -uall [20ms]
2024-02-29 20:16:05.739 [info] > git show --textconv :roles/keyd/tasks/vars.yml [87ms]
2024-02-29 20:16:05.823 [info] > git ls-files --stage -- /home/barbarousa/.dotfiles/roles/keyd/tasks/vars.yml [64ms]
2024-02-29 20:16:05.844 [info] > git cat-file -s d80238343d67383bff5c9a62ad7afd6e3b019cff [3ms]
2024-02-29 20:16:08.359 [info] > git show --textconv :roles/keyd/tasks/arch.yml [24ms]
2024-02-29 20:16:08.360 [info] > git ls-files --stage -- /home/barbarousa/.dotfiles/roles/keyd/tasks/arch.yml [3ms]
2024-02-29 20:16:08.382 [info] > git cat-file -s b440f6f86dc8e7cca203e8172016cd1f5ef945d5 [3ms]
2024-02-29 20:16:45.910 [info] > git fetch [597ms]
2024-02-29 20:16:45.962 [info] > git config --get commit.template [21ms]
2024-02-29 20:16:45.964 [info] > git for-each-ref --format=%(refname)%00%(upstream:short)%00%(objectname)%00%(upstream:track)%00%(upstream:remotename)%00%(upstream:remoteref) refs/heads/master refs/remotes/master [3ms]
2024-02-29 20:16:45.980 [warning] ENOENT: no such file or directory, open '/home/barbarousa/.dotfiles/.git/refs/remotes/origin/master'
2024-02-29 20:16:45.982 [info] > git rev-parse refs/remotes/origin/master [2ms]
2024-02-29 20:16:46.014 [info] > git status -z -uall [16ms]
2024-02-29 20:16:47.185 [info] > git ls-files --stage -- /home/barbarousa/.dotfiles/main.yml [18ms]
2024-02-29 20:16:47.201 [info] > git ls-files --stage -- /home/barbarousa/.dotfiles/roles/keyd/tasks/arch.yml [17ms]
2024-02-29 20:16:47.218 [info] > git cat-file -s 294495253bb4faa85976a0acdf68061e4680ec86 [17ms]
2024-02-29 20:16:47.219 [info] > git cat-file -s b440f6f86dc8e7cca203e8172016cd1f5ef945d5 [2ms]
2024-02-29 20:16:47.253 [info] > git show --textconv :main.yml [17ms]
2024-02-29 20:16:47.256 [info] > git show --textconv :roles/keyd/tasks/arch.yml [2ms]
2024-02-29 20:19:21.722 [info] > git ls-files --stage -- /home/barbarousa/.dotfiles/main.yml [30ms]
2024-02-29 20:19:21.752 [info] > git config --get commit.template [87ms]
2024-02-29 20:19:21.812 [info] > git ls-files --stage -- /home/barbarousa/.dotfiles/roles/keyd/tasks/arch.yml [93ms]
2024-02-29 20:19:21.862 [info] > git for-each-ref --format=%(refname)%00%(upstream:short)%00%(objectname)%00%(upstream:track)%00%(upstream:remotename)%00%(upstream:remoteref) refs/heads/master refs/remotes/master [53ms]
2024-02-29 20:19:21.863 [info] > git cat-file -s 294495253bb4faa85976a0acdf68061e4680ec86 [112ms]
2024-02-29 20:19:21.894 [warning] ENOENT: no such file or directory, open '/home/barbarousa/.dotfiles/.git/refs/remotes/origin/master'
2024-02-29 20:19:21.895 [info] > git cat-file -s b440f6f86dc8e7cca203e8172016cd1f5ef945d5 [34ms]
2024-02-29 20:19:21.914 [info] > git rev-parse refs/remotes/origin/master [20ms]
2024-02-29 20:19:21.950 [info] > git show --textconv :main.yml [37ms]
2024-02-29 20:19:21.950 [info] > git status -z -uall [20ms]
2024-02-29 20:19:21.954 [info] > git show --textconv :roles/keyd/tasks/arch.yml [6ms]
2024-02-29 20:19:43.096 [info] > git check-ignore -v -z --stdin [5ms]
2024-02-29 20:19:43.505 [info] > git config --get commit.template [22ms]
2024-02-29 20:19:43.506 [info] > git for-each-ref --format=%(refname)%00%(upstream:short)%00%(objectname)%00%(upstream:track)%00%(upstream:remotename)%00%(upstream:remoteref) refs/heads/master refs/remotes/master [2ms]
2024-02-29 20:19:43.523 [warning] ENOENT: no such file or directory, open '/home/barbarousa/.dotfiles/.git/refs/remotes/origin/master'
2024-02-29 20:19:43.525 [info] > git rev-parse refs/remotes/origin/master [2ms]
2024-02-29 20:19:43.559 [info] > git status -z -uall [17ms]
2024-02-29 20:19:44.614 [info] > git check-ignore -v -z --stdin [2ms]
2024-02-29 20:19:46.810 [info] > git fetch [749ms]
2024-02-29 20:19:46.850 [info] > git config --get commit.template [21ms]
2024-02-29 20:19:46.852 [info] > git for-each-ref --format=%(refname)%00%(upstream:short)%00%(objectname)%00%(upstream:track)%00%(upstream:remotename)%00%(upstream:remoteref) refs/heads/master refs/remotes/master [3ms]
2024-02-29 20:19:46.870 [warning] ENOENT: no such file or directory, open '/home/barbarousa/.dotfiles/.git/refs/remotes/origin/master'
2024-02-29 20:19:46.872 [info] > git rev-parse refs/remotes/origin/master [1ms]
2024-02-29 20:19:46.906 [info] > git status -z -uall [17ms]
2024-02-29 20:19:48.071 [info] > git ls-files --stage -- /home/barbarousa/.dotfiles/main.yml [34ms]
2024-02-29 20:19:48.090 [info] > git ls-files --stage -- /home/barbarousa/.dotfiles/roles/keyd/tasks/arch.yml [21ms]
2024-02-29 20:19:48.107 [info] > git cat-file -s 294495253bb4faa85976a0acdf68061e4680ec86 [18ms]
2024-02-29 20:19:48.108 [info] > git cat-file -s b440f6f86dc8e7cca203e8172016cd1f5ef945d5 [2ms]
2024-02-29 20:19:48.142 [info] > git show --textconv :main.yml [17ms]
2024-02-29 20:19:48.144 [info] > git show --textconv :roles/keyd/tasks/arch.yml [2ms]
2024-02-29 21:15:54.918 [info] > git config --get commit.template [26ms]
2024-02-29 21:15:54.920 [info] > git for-each-ref --format=%(refname)%00%(upstream:short)%00%(objectname)%00%(upstream:track)%00%(upstream:remotename)%00%(upstream:remoteref) refs/heads/master refs/remotes/master [3ms]
2024-02-29 21:15:54.943 [warning] ENOENT: no such file or directory, open '/home/barbarousa/.dotfiles/.git/refs/remotes/origin/master'
2024-02-29 21:15:54.945 [info] > git rev-parse refs/remotes/origin/master [2ms]
2024-02-29 21:15:54.983 [info] > git status -z -uall [18ms]
2024-02-29 21:15:56.130 [info] > git ls-files --stage -- /home/barbarousa/.dotfiles/main.yml [33ms]
2024-02-29 21:15:56.161 [info] > git ls-files --stage -- /home/barbarousa/.dotfiles/roles/keyd/tasks/arch.yml [32ms]
2024-02-29 21:15:56.192 [info] > git cat-file -s 294495253bb4faa85976a0acdf68061e4680ec86 [32ms]
2024-02-29 21:15:56.226 [info] > git cat-file -s b440f6f86dc8e7cca203e8172016cd1f5ef945d5 [34ms]
2024-02-29 21:15:56.231 [info] > git show --textconv :main.yml [6ms]
2024-02-29 21:15:56.274 [info] > git show --textconv :roles/keyd/tasks/arch.yml [8ms]
2024-02-29 21:15:58.303 [info] > git check-ignore -v -z --stdin [4ms]
2024-02-29 21:16:01.244 [info] > git fetch [6395ms]
2024-02-29 21:16:01.280 [info] > git config --get commit.template [18ms]
2024-02-29 21:16:01.282 [info] > git for-each-ref --format=%(refname)%00%(upstream:short)%00%(objectname)%00%(upstream:track)%00%(upstream:remotename)%00%(upstream:remoteref) refs/heads/master refs/remotes/master [2ms]
2024-02-29 21:16:01.298 [warning] ENOENT: no such file or directory, open '/home/barbarousa/.dotfiles/.git/refs/remotes/origin/master'
2024-02-29 21:16:01.300 [info] > git rev-parse refs/remotes/origin/master [2ms]
2024-02-29 21:16:01.333 [info] > git status -z -uall [17ms]
2024-02-29 21:16:01.355 [info] > git config --get commit.template [2ms]
2024-02-29 21:16:01.373 [info] > git for-each-ref --format=%(refname)%00%(upstream:short)%00%(objectname)%00%(upstream:track)%00%(upstream:remotename)%00%(upstream:remoteref) refs/heads/master refs/remotes/master [2ms]
2024-02-29 21:16:01.389 [warning] ENOENT: no such file or directory, open '/home/barbarousa/.dotfiles/.git/refs/remotes/origin/master'
2024-02-29 21:16:01.391 [info] > git rev-parse refs/remotes/origin/master [2ms]
2024-02-29 21:16:01.423 [info] > git status -z -uall [16ms]
2024-02-29 21:16:02.437 [info] > git check-ignore -v -z --stdin [3ms]
2024-02-29 21:16:02.472 [info] > git ls-files --stage -- /home/barbarousa/.dotfiles/main.yml [18ms]
2024-02-29 21:16:02.488 [info] > git ls-files --stage -- /home/barbarousa/.dotfiles/roles/keyd/tasks/arch.yml [17ms]
2024-02-29 21:16:02.505 [info] > git cat-file -s 294495253bb4faa85976a0acdf68061e4680ec86 [18ms]
2024-02-29 21:16:02.507 [info] > git cat-file -s b440f6f86dc8e7cca203e8172016cd1f5ef945d5 [3ms]
2024-02-29 21:16:02.547 [info] > git show --textconv :main.yml [20ms]
2024-02-29 21:16:02.549 [info] > git show --textconv :roles/keyd/tasks/arch.yml [2ms]
2024-02-29 21:17:28.489 [info] > git check-ignore -v -z --stdin [1ms]
2024-02-29 21:17:50.539 [info] > git config --get commit.template [29ms]
2024-02-29 21:17:50.544 [info] > git for-each-ref --format=%(refname)%00%(upstream:short)%00%(objectname)%00%(upstream:track)%00%(upstream:remotename)%00%(upstream:remoteref) refs/heads/master refs/remotes/master [6ms]
2024-02-29 21:17:50.567 [warning] ENOENT: no such file or directory, open '/home/barbarousa/.dotfiles/.git/refs/remotes/origin/master'
2024-02-29 21:17:50.569 [info] > git rev-parse refs/remotes/origin/master [2ms]
2024-02-29 21:17:50.610 [info] > git status -z -uall [20ms]
2024-02-29 21:17:57.370 [info] > git check-ignore -v -z --stdin [6ms]
2024-02-29 21:17:57.960 [info] > git config --get commit.template [20ms]
2024-02-29 21:17:57.962 [info] > git for-each-ref --format=%(refname)%00%(upstream:short)%00%(objectname)%00%(upstream:track)%00%(upstream:remotename)%00%(upstream:remoteref) refs/heads/master refs/remotes/master [3ms]
2024-02-29 21:17:57.982 [warning] ENOENT: no such file or directory, open '/home/barbarousa/.dotfiles/.git/refs/remotes/origin/master'
2024-02-29 21:17:57.984 [info] > git rev-parse refs/remotes/origin/master [2ms]
2024-02-29 21:17:58.023 [info] > git status -z -uall [18ms]
